[2025-05-04 19:03:12]: Starting build for depot 3721150, content path is "C:\Users\Yanni\Documents\GitHub\Sudoku-Defense\steam_build\content\", build flags 0x0
[2025-05-04 19:03:12]: Building file listing for depot 3721150 ...
[2025-05-04 19:03:12]: Found 4588 files for mapping: C:\Users\Yanni\Documents\GitHub\Sudoku-Defense\steam_build\content * -> .
[2025-05-04 19:03:12]: Found 4588 files (1624 MB) for depot 3721150
[2025-05-04 19:03:12]: Building depot 3721150, no baseline manifest
[2025-05-04 19:03:24]: Found 3697 new chunks ( 0 used previously ) for depot 3721150, took 0 minutes, 11 seconds
[2025-05-04 19:03:24]: Changes to baseline manifest 0 :
[2025-05-04 19:03:24]: Added  : ".cargo-lock" 0 KB 
[2025-05-04 19:03:24]: Added  : ".fingerprint" 0 KB ,Flags: 64
[2025-05-04 19:03:24]: Added  : ".fingerprint\adler2-d4e74bc2d74dd920" 0 KB ,Flags: 64
[2025-05-04 19:03:24]: Added  : ".fingerprint\adler2-d4e74bc2d74dd920\dep-lib-adler2" 1 KB 
[2025-05-04 19:03:24]: Added  : ".fingerprint\adler2-d4e74bc2d74dd920\invoked.timestamp" 1 KB 
[2025-05-04 19:03:24]: Added  : ".fingerprint\adler2-d4e74bc2d74dd920\lib-adler2" 1 KB 
[2025-05-04 19:03:24]: Added  : ".fingerprint\adler2-d4e74bc2d74dd920\lib-adler2.json" 1 KB 
[2025-05-04 19:03:24]: Added  : ".fingerprint\aho-corasick-8248e1508ae06095" 0 KB ,Flags: 64
[2025-05-04 19:03:24]: Added  : ".fingerprint\aho-corasick-8248e1508ae06095\dep-lib-aho_corasick" 1 KB 
[2025-05-04 19:03:24]: Added  : ".fingerprint\aho-corasick-8248e1508ae06095\invoked.timestamp" 1 KB 
[2025-05-04 19:03:24]: Added  : ".fingerprint\aho-corasick-8248e1508ae06095\lib-aho_corasick" 1 KB 
[2025-05-04 19:03:24]: Added  : ".fingerprint\aho-corasick-8248e1508ae06095\lib-aho_corasick.json" 1 KB 
[2025-05-04 19:03:24]: Added  : ".fingerprint\aho-corasick-b545483d2b76c8d6" 0 KB ,Flags: 64
[2025-05-04 19:03:24]: Added  : ".fingerprint\aho-corasick-b545483d2b76c8d6\dep-lib-aho_corasick" 1 KB 
[2025-05-04 19:03:24]: Added  : ".fingerprint\aho-corasick-b545483d2b76c8d6\invoked.timestamp" 1 KB 
[2025-05-04 19:03:24]: Added  : ".fingerprint\aho-corasick-b545483d2b76c8d6\lib-aho_corasick" 1 KB 
[2025-05-04 19:03:24]: Added  : ".fingerprint\aho-corasick-b545483d2b76c8d6\lib-aho_corasick.json" 1 KB 
[2025-05-04 19:03:24]: Added  : ".fingerprint\alloc-no-stdlib-0031b47ad4139b3c" 0 KB ,Flags: 64
[2025-05-04 19:03:24]: Added  : ".fingerprint\alloc-no-stdlib-0031b47ad4139b3c\dep-lib-alloc_no_stdlib" 1 KB 
[2025-05-04 19:03:24]: Added  : ".fingerprint\alloc-no-stdlib-0031b47ad4139b3c\invoked.timestamp" 1 KB 
[2025-05-04 19:03:24]: Added  : ".fingerprint\alloc-no-stdlib-0031b47ad4139b3c\lib-alloc_no_stdlib" 1 KB 
[2025-05-04 19:03:24]: Added  : ".fingerprint\alloc-no-stdlib-0031b47ad4139b3c\lib-alloc_no_stdlib.json" 1 KB 
[2025-05-04 19:03:24]: Added  : ".fingerprint\alloc-no-stdlib-63c1d3edca5f9318" 0 KB ,Flags: 64
[2025-05-04 19:03:24]: Added  : ".fingerprint\alloc-no-stdlib-63c1d3edca5f9318\dep-lib-alloc_no_stdlib" 1 KB 
[2025-05-04 19:03:24]: Added  : ".fingerprint\alloc-no-stdlib-63c1d3edca5f9318\invoked.timestamp" 1 KB 
[2025-05-04 19:03:24]: Added  : ".fingerprint\alloc-no-stdlib-63c1d3edca5f9318\lib-alloc_no_stdlib" 1 KB 
[2025-05-04 19:03:24]: Added  : ".fingerprint\alloc-no-stdlib-63c1d3edca5f9318\lib-alloc_no_stdlib.json" 1 KB 
[2025-05-04 19:03:24]: Added  : ".fingerprint\alloc-stdlib-58299daa0aa2aff2" 0 KB ,Flags: 64
[2025-05-04 19:03:24]: Added  : ".fingerprint\alloc-stdlib-58299daa0aa2aff2\dep-lib-alloc_stdlib" 1 KB 
[2025-05-04 19:03:24]: Added  : ".fingerprint\alloc-stdlib-58299daa0aa2aff2\invoked.timestamp" 1 KB 
[2025-05-04 19:03:24]: Added  : ".fingerprint\alloc-stdlib-58299daa0aa2aff2\lib-alloc_stdlib" 1 KB 
[2025-05-04 19:03:24]: Added  : ".fingerprint\alloc-stdlib-58299daa0aa2aff2\lib-alloc_stdlib.json" 1 KB 
[2025-05-04 19:03:24]: Added  : ".fingerprint\alloc-stdlib-cbb6c66633b42b53" 0 KB ,Flags: 64
[2025-05-04 19:03:24]: Added  : ".fingerprint\alloc-stdlib-cbb6c66633b42b53\dep-lib-alloc_stdlib" 1 KB 
[2025-05-04 19:03:24]: Added  : ".fingerprint\alloc-stdlib-cbb6c66633b42b53\invoked.timestamp" 1 KB 
[2025-05-04 19:03:24]: Added  : ".fingerprint\alloc-stdlib-cbb6c66633b42b53\lib-alloc_stdlib" 1 KB 
[2025-05-04 19:03:24]: Added  : ".fingerprint\alloc-stdlib-cbb6c66633b42b53\lib-alloc_stdlib.json" 1 KB 
[2025-05-04 19:03:24]: Added  : ".fingerprint\anyhow-1aa35aa3e85c344e" 0 KB ,Flags: 64
[2025-05-04 19:03:24]: Added  : ".fingerprint\anyhow-1aa35aa3e85c344e\build-script-build-script-build" 1 KB 
[2025-05-04 19:03:24]: Added  : ".fingerprint\anyhow-1aa35aa3e85c344e\build-script-build-script-build.json" 1 KB 
[2025-05-04 19:03:24]: Added  : ".fingerprint\anyhow-1aa35aa3e85c344e\dep-build-script-build-script-build" 1 KB 
[2025-05-04 19:03:24]: Added  : ".fingerprint\anyhow-1aa35aa3e85c344e\invoked.timestamp" 1 KB 
[2025-05-04 19:03:24]: Added  : ".fingerprint\anyhow-3efc95110c799487" 0 KB ,Flags: 64
[2025-05-04 19:03:24]: Added  : ".fingerprint\anyhow-3efc95110c799487\run-build-script-build-script-build" 1 KB 
[2025-05-04 19:03:24]: Added  : ".fingerprint\anyhow-3efc95110c799487\run-build-script-build-script-build.json" 1 KB 
[2025-05-04 19:03:24]: Added  : ".fingerprint\anyhow-acf657026e5a1cdc" 0 KB ,Flags: 64
[2025-05-04 19:03:24]: Added  : ".fingerprint\anyhow-acf657026e5a1cdc\dep-lib-anyhow" 1 KB 
[2025-05-04 19:03:24]: Added  : ".fingerprint\anyhow-acf657026e5a1cdc\invoked.timestamp" 1 KB 
[2025-05-04 19:03:24]: Added  : ".fingerprint\anyhow-acf657026e5a1cdc\lib-anyhow" 1 KB 
[2025-05-04 19:03:24]: Added  : ".fingerprint\anyhow-acf657026e5a1cdc\lib-anyhow.json" 1 KB 
[2025-05-04 19:03:24]: Added  : ".fingerprint\anyhow-c3956c7793e36edb" 0 KB ,Flags: 64
[2025-05-04 19:03:24]: Added  : ".fingerprint\anyhow-c3956c7793e36edb\dep-lib-anyhow" 1 KB 
[2025-05-04 19:03:24]: Added  : ".fingerprint\anyhow-c3956c7793e36edb\invoked.timestamp" 1 KB 
[2025-05-04 19:03:24]: Added  : ".fingerprint\anyhow-c3956c7793e36edb\lib-anyhow" 1 KB 
[2025-05-04 19:03:24]: Added  : ".fingerprint\anyhow-c3956c7793e36edb\lib-anyhow.json" 1 KB 
[2025-05-04 19:03:24]: Added  : ".fingerprint\anyhow-e1df608d7ff94b53" 0 KB ,Flags: 64
[2025-05-04 19:03:24]: Added  : ".fingerprint\anyhow-e1df608d7ff94b53\run-build-script-build-script-build" 1 KB 
[2025-05-04 19:03:24]: Added  : ".fingerprint\anyhow-e1df608d7ff94b53\run-build-script-build-script-build.json" 1 KB 
[2025-05-04 19:03:24]: Added  : ".fingerprint\app-4e7dc2d6835c5d74" 0 KB ,Flags: 64
[2025-05-04 19:03:24]: Added  : ".fingerprint\app-4e7dc2d6835c5d74\bin-app" 1 KB 
[2025-05-04 19:03:24]: Added  : ".fingerprint\app-4e7dc2d6835c5d74\bin-app.json" 1 KB 
[2025-05-04 19:03:24]: Added  : ".fingerprint\app-4e7dc2d6835c5d74\dep-bin-app" 1 KB 
[2025-05-04 19:03:24]: Added  : ".fingerprint\app-4e7dc2d6835c5d74\dep-lib-app_lib" 8 KB 
[2025-05-04 19:03:24]: Added  : ".fingerprint\app-4e7dc2d6835c5d74\invoked.timestamp" 1 KB 
[2025-05-04 19:03:24]: Added  : ".fingerprint\app-4e7dc2d6835c5d74\lib-app_lib" 1 KB 
[2025-05-04 19:03:24]: Added  : ".fingerprint\app-4e7dc2d6835c5d74\lib-app_lib.json" 1 KB 
[2025-05-04 19:03:24]: Added  : ".fingerprint\app-6241d092f3d06cef" 0 KB ,Flags: 64
[2025-05-04 19:03:24]: Added  : ".fingerprint\app-6241d092f3d06cef\build-script-build-script-build" 1 KB 
[2025-05-04 19:03:24]: Added  : ".fingerprint\app-6241d092f3d06cef\build-script-build-script-build.json" 1 KB 
[2025-05-04 19:03:24]: Added  : ".fingerprint\app-6241d092f3d06cef\dep-build-script-build-script-build" 1 KB 
[2025-05-04 19:03:24]: Added  : ".fingerprint\app-6241d092f3d06cef\invoked.timestamp" 1 KB 
[2025-05-04 19:03:24]: Added  : ".fingerprint\app-f6d6b3ffbe4f60e2" 0 KB ,Flags: 64
[2025-05-04 19:03:24]: Added  : ".fingerprint\app-f6d6b3ffbe4f60e2\run-build-script-build-script-build" 1 KB 
[2025-05-04 19:03:24]: Added  : ".fingerprint\app-f6d6b3ffbe4f60e2\run-build-script-build-script-build.json" 1 KB 
[2025-05-04 19:03:24]: Added  : ".fingerprint\arrayvec-8463c5a246148876" 0 KB ,Flags: 64
[2025-05-04 19:03:24]: Added  : ".fingerprint\arrayvec-8463c5a246148876\dep-lib-arrayvec" 1 KB 
[2025-05-04 19:03:24]: Added  : ".fingerprint\arrayvec-8463c5a246148876\invoked.timestamp" 1 KB 
[2025-05-04 19:03:24]: Added  : ".fingerprint\arrayvec-8463c5a246148876\lib-arrayvec" 1 KB 
[2025-05-04 19:03:24]: Added  : ".fingerprint\arrayvec-8463c5a246148876\lib-arrayvec.json" 1 KB 
[2025-05-04 19:03:24]: Added  : ".fingerprint\autocfg-e783ea8bbbfb9bbe" 0 KB ,Flags: 64
[2025-05-04 19:03:24]: Added  : ".fingerprint\autocfg-e783ea8bbbfb9bbe\dep-lib-autocfg" 1 KB 
[2025-05-04 19:03:24]: Added  : ".fingerprint\autocfg-e783ea8bbbfb9bbe\invoked.timestamp" 1 KB 
[2025-05-04 19:03:24]: Added  : ".fingerprint\autocfg-e783ea8bbbfb9bbe\lib-autocfg" 1 KB 
[2025-05-04 19:03:24]: Added  : ".fingerprint\autocfg-e783ea8bbbfb9bbe\lib-autocfg.json" 1 KB 
[2025-05-04 19:03:24]: Added  : ".fingerprint\base64-871bb5610768068b" 0 KB ,Flags: 64
[2025-05-04 19:03:24]: Added  : ".fingerprint\base64-871bb5610768068b\dep-lib-base64" 1 KB 
[2025-05-04 19:03:24]: Added  : ".fingerprint\base64-871bb5610768068b\invoked.timestamp" 1 KB 
[2025-05-04 19:03:24]: Added  : ".fingerprint\base64-871bb5610768068b\lib-base64" 1 KB 
[2025-05-04 19:03:24]: Added  : ".fingerprint\base64-871bb5610768068b\lib-base64.json" 1 KB 
[2025-05-04 19:03:24]: Added  : ".fingerprint\bitflags-08fe21a989d7e99c" 0 KB ,Flags: 64
[2025-05-04 19:03:24]: Added  : ".fingerprint\bitflags-08fe21a989d7e99c\dep-lib-bitflags" 1 KB 
[2025-05-04 19:03:24]: Added  : ".fingerprint\bitflags-08fe21a989d7e99c\invoked.timestamp" 1 KB 
[2025-05-04 19:03:24]: Added  : ".fingerprint\bitflags-08fe21a989d7e99c\lib-bitflags" 1 KB 
[2025-05-04 19:03:24]: Added  : ".fingerprint\bitflags-08fe21a989d7e99c\lib-bitflags.json" 1 KB 
[2025-05-04 19:03:24]: Added  : ".fingerprint\bitflags-227d9cb186378ae5" 0 KB ,Flags: 64
[2025-05-04 19:03:24]: Added  : ".fingerprint\bitflags-227d9cb186378ae5\dep-lib-bitflags" 1 KB 
[2025-05-04 19:03:24]: Added  : ".fingerprint\bitflags-227d9cb186378ae5\invoked.timestamp" 1 KB 
[2025-05-04 19:03:24]: Added  : ".fingerprint\bitflags-227d9cb186378ae5\lib-bitflags" 1 KB 
[2025-05-04 19:03:24]: Added  : ".fingerprint\bitflags-227d9cb186378ae5\lib-bitflags.json" 1 KB 
[2025-05-04 19:03:24]: Added  : ".fingerprint\bitflags-dd4b0c9f4f6061bc" 0 KB ,Flags: 64
[2025-05-04 19:03:24]: Added  : ".fingerprint\bitflags-dd4b0c9f4f6061bc\dep-lib-bitflags" 1 KB 
[2025-05-04 19:03:24]: Added  : ".fingerprint\bitflags-dd4b0c9f4f6061bc\invoked.timestamp" 1 KB 
[2025-05-04 19:03:24]: Added  : ".fingerprint\bitflags-dd4b0c9f4f6061bc\lib-bitflags" 1 KB 
[2025-05-04 19:03:24]: Added  : ".fingerprint\bitflags-dd4b0c9f4f6061bc\lib-bitflags.json" 1 KB 
[2025-05-04 19:03:24]: Added  : ".fingerprint\block-buffer-19ed7f12e7ce125a" 0 KB ,Flags: 64
[2025-05-04 19:03:24]: Added  : ".fingerprint\block-buffer-19ed7f12e7ce125a\dep-lib-block_buffer" 1 KB 
[2025-05-04 19:03:24]: Added  : ".fingerprint\block-buffer-19ed7f12e7ce125a\invoked.timestamp" 1 KB 
[2025-05-04 19:03:24]: Added  : ".fingerprint\block-buffer-19ed7f12e7ce125a\lib-block_buffer" 1 KB 
[2025-05-04 19:03:24]: Added  : ".fingerprint\block-buffer-19ed7f12e7ce125a\lib-block_buffer.json" 1 KB 
[2025-05-04 19:03:24]: Added  : ".fingerprint\brotli-054081a58ffc234e" 0 KB ,Flags: 64
[2025-05-04 19:03:24]: Added  : ".fingerprint\brotli-054081a58ffc234e\dep-lib-brotli" 1 KB 
[2025-05-04 19:03:24]: Added  : ".fingerprint\brotli-054081a58ffc234e\invoked.timestamp" 1 KB 
[2025-05-04 19:03:24]: Added  : ".fingerprint\brotli-054081a58ffc234e\lib-brotli" 1 KB 
[2025-05-04 19:03:24]: Added  : ".fingerprint\brotli-054081a58ffc234e\lib-brotli.json" 1 KB 
[2025-05-04 19:03:24]: Added  : ".fingerprint\brotli-6d870064f9a726d2" 0 KB ,Flags: 64
[2025-05-04 19:03:24]: Added  : ".fingerprint\brotli-6d870064f9a726d2\dep-lib-brotli" 1 KB 
[2025-05-04 19:03:24]: Added  : ".fingerprint\brotli-6d870064f9a726d2\invoked.timestamp" 1 KB 
[2025-05-04 19:03:24]: Added  : ".fingerprint\brotli-6d870064f9a726d2\lib-brotli" 1 KB 
[2025-05-04 19:03:24]: Added  : ".fingerprint\brotli-6d870064f9a726d2\lib-brotli.json" 1 KB 
[2025-05-04 19:03:24]: Added  : ".fingerprint\brotli-decompressor-663d9948b782e47d" 0 KB ,Flags: 64
[2025-05-04 19:03:24]: Added  : ".fingerprint\brotli-decompressor-663d9948b782e47d\dep-lib-brotli_decompressor" 1 KB 
[2025-05-04 19:03:24]: Added  : ".fingerprint\brotli-decompressor-663d9948b782e47d\invoked.timestamp" 1 KB 
[2025-05-04 19:03:24]: Added  : ".fingerprint\brotli-decompressor-663d9948b782e47d\lib-brotli_decompressor" 1 KB 
[2025-05-04 19:03:24]: Added  : ".fingerprint\brotli-decompressor-663d9948b782e47d\lib-brotli_decompressor.json" 1 KB 
[2025-05-04 19:03:24]: Added  : ".fingerprint\brotli-decompressor-88bdaaf6d3c046ef" 0 KB ,Flags: 64
[2025-05-04 19:03:24]: Added  : ".fingerprint\brotli-decompressor-88bdaaf6d3c046ef\dep-lib-brotli_decompressor" 1 KB 
[2025-05-04 19:03:24]: Added  : ".fingerprint\brotli-decompressor-88bdaaf6d3c046ef\invoked.timestamp" 1 KB 
[2025-05-04 19:03:24]: Added  : ".fingerprint\brotli-decompressor-88bdaaf6d3c046ef\lib-brotli_decompressor" 1 KB 
[2025-05-04 19:03:24]: Added  : ".fingerprint\brotli-decompressor-88bdaaf6d3c046ef\lib-brotli_decompressor.json" 1 KB 
[2025-05-04 19:03:24]: Added  : ".fingerprint\byte-unit-d1d775598bcff707" 0 KB ,Flags: 64
[2025-05-04 19:03:24]: Added  : ".fingerprint\byte-unit-d1d775598bcff707\dep-lib-byte_unit" 1 KB 
[2025-05-04 19:03:24]: Added  : ".fingerprint\byte-unit-d1d775598bcff707\invoked.timestamp" 1 KB 
[2025-05-04 19:03:24]: Added  : ".fingerprint\byte-unit-d1d775598bcff707\lib-byte_unit" 1 KB 
[2025-05-04 19:03:24]: Added  : ".fingerprint\byte-unit-d1d775598bcff707\lib-byte_unit.json" 1 KB 
[2025-05-04 19:03:24]: Added  : ".fingerprint\byteorder-4dc92fb6485364e6" 0 KB ,Flags: 64
[2025-05-04 19:03:24]: Added  : ".fingerprint\byteorder-4dc92fb6485364e6\dep-lib-byteorder" 1 KB 
[2025-05-04 19:03:24]: Added  : ".fingerprint\byteorder-4dc92fb6485364e6\invoked.timestamp" 1 KB 
[2025-05-04 19:03:24]: Added  : ".fingerprint\byteorder-4dc92fb6485364e6\lib-byteorder" 1 KB 
[2025-05-04 19:03:24]: Added  : ".fingerprint\byteorder-4dc92fb6485364e6\lib-byteorder.json" 1 KB 
[2025-05-04 19:03:24]: Added  : ".fingerprint\byteorder-aeec00438235223d" 0 KB ,Flags: 64
[2025-05-04 19:03:24]: Added  : ".fingerprint\byteorder-aeec00438235223d\dep-lib-byteorder" 1 KB 
[2025-05-04 19:03:24]: Added  : ".fingerprint\byteorder-aeec00438235223d\invoked.timestamp" 1 KB 
[2025-05-04 19:03:24]: Added  : ".fingerprint\byteorder-aeec00438235223d\lib-byteorder" 1 KB 
[2025-05-04 19:03:24]: Added  : ".fingerprint\byteorder-aeec00438235223d\lib-byteorder.json" 1 KB 
[2025-05-04 19:03:24]: Added  : ".fingerprint\bytes-732d5f46334e02c5" 0 KB ,Flags: 64
[2025-05-04 19:03:24]: Added  : ".fingerprint\bytes-732d5f46334e02c5\dep-lib-bytes" 1 KB 
[2025-05-04 19:03:24]: Added  : ".fingerprint\bytes-732d5f46334e02c5\invoked.timestamp" 1 KB 
[2025-05-04 19:03:24]: Added  : ".fingerprint\bytes-732d5f46334e02c5\lib-bytes" 1 KB 
[2025-05-04 19:03:24]: Added  : ".fingerprint\bytes-732d5f46334e02c5\lib-bytes.json" 1 KB 
[2025-05-04 19:03:24]: Added  : ".fingerprint\bytes-f2430fa3072fec0f" 0 KB ,Flags: 64
[2025-05-04 19:03:24]: Added  : ".fingerprint\bytes-f2430fa3072fec0f\dep-lib-bytes" 1 KB 
[2025-05-04 19:03:24]: Added  : ".fingerprint\bytes-f2430fa3072fec0f\invoked.timestamp" 1 KB 
[2025-05-04 19:03:24]: Added  : ".fingerprint\bytes-f2430fa3072fec0f\lib-bytes" 1 KB 
[2025-05-04 19:03:24]: Added  : ".fingerprint\bytes-f2430fa3072fec0f\lib-bytes.json" 1 KB 
[2025-05-04 19:03:24]: Added  : ".fingerprint\camino-1c3479e7fa3fb6f9" 0 KB ,Flags: 64
[2025-05-04 19:03:24]: Added  : ".fingerprint\camino-1c3479e7fa3fb6f9\build-script-build-script-build" 1 KB 
[2025-05-04 19:03:24]: Added  : ".fingerprint\camino-1c3479e7fa3fb6f9\build-script-build-script-build.json" 1 KB 
[2025-05-04 19:03:24]: Added  : ".fingerprint\camino-1c3479e7fa3fb6f9\dep-build-script-build-script-build" 1 KB 
[2025-05-04 19:03:24]: Added  : ".fingerprint\camino-1c3479e7fa3fb6f9\invoked.timestamp" 1 KB 
[2025-05-04 19:03:24]: Added  : ".fingerprint\camino-2f30de69b17cb85f" 0 KB ,Flags: 64
[2025-05-04 19:03:24]: Added  : ".fingerprint\camino-2f30de69b17cb85f\dep-lib-camino" 1 KB 
[2025-05-04 19:03:24]: Added  : ".fingerprint\camino-2f30de69b17cb85f\invoked.timestamp" 1 KB 
[2025-05-04 19:03:24]: Added  : ".fingerprint\camino-2f30de69b17cb85f\lib-camino" 1 KB 
[2025-05-04 19:03:24]: Added  : ".fingerprint\camino-2f30de69b17cb85f\lib-camino.json" 1 KB 
[2025-05-04 19:03:24]: Added  : ".fingerprint\camino-8c9c57c25cd9aaa1" 0 KB ,Flags: 64
[2025-05-04 19:03:24]: Added  : ".fingerprint\camino-8c9c57c25cd9aaa1\run-build-script-build-script-build" 1 KB 
[2025-05-04 19:03:24]: Added  : ".fingerprint\camino-8c9c57c25cd9aaa1\run-build-script-build-script-build.json" 1 KB 
[2025-05-04 19:03:24]: Added  : ".fingerprint\cargo-platform-947719388ec537cd" 0 KB ,Flags: 64
[2025-05-04 19:03:24]: Added  : ".fingerprint\cargo-platform-947719388ec537cd\dep-lib-cargo_platform" 1 KB 
[2025-05-04 19:03:24]: Added  : ".fingerprint\cargo-platform-947719388ec537cd\invoked.timestamp" 1 KB 
[2025-05-04 19:03:24]: Added  : ".fingerprint\cargo-platform-947719388ec537cd\lib-cargo_platform" 1 KB 
[2025-05-04 19:03:24]: Added  : ".fingerprint\cargo-platform-947719388ec537cd\lib-cargo_platform.json" 1 KB 
[2025-05-04 19:03:24]: Added  : ".fingerprint\cargo_metadata-fe312f3d29a16e76" 0 KB ,Flags: 64
[2025-05-04 19:03:24]: Added  : ".fingerprint\cargo_metadata-fe312f3d29a16e76\dep-lib-cargo_metadata" 1 KB 
[2025-05-04 19:03:24]: Added  : ".fingerprint\cargo_metadata-fe312f3d29a16e76\invoked.timestamp" 1 KB 
[2025-05-04 19:03:24]: Added  : ".fingerprint\cargo_metadata-fe312f3d29a16e76\lib-cargo_metadata" 1 KB 
[2025-05-04 19:03:24]: Added  : ".fingerprint\cargo_metadata-fe312f3d29a16e76\lib-cargo_metadata.json" 1 KB 
[2025-05-04 19:03:24]: Added  : ".fingerprint\cargo_toml-30db9287331a61d5" 0 KB ,Flags: 64
[2025-05-04 19:03:24]: Added  : ".fingerprint\cargo_toml-30db9287331a61d5\dep-lib-cargo_toml" 1 KB 
[2025-05-04 19:03:24]: Added  : ".fingerprint\cargo_toml-30db9287331a61d5\invoked.timestamp" 1 KB 
[2025-05-04 19:03:24]: Added  : ".fingerprint\cargo_toml-30db9287331a61d5\lib-cargo_toml" 1 KB 
[2025-05-04 19:03:24]: Added  : ".fingerprint\cargo_toml-30db9287331a61d5\lib-cargo_toml.json" 1 KB 
[2025-05-04 19:03:24]: Added  : ".fingerprint\cc-606bc9920606c10b" 0 KB ,Flags: 64
[2025-05-04 19:03:24]: Added  : ".fingerprint\cc-606bc9920606c10b\dep-lib-cc" 1 KB 
[2025-05-04 19:03:24]: Added  : ".fingerprint\cc-606bc9920606c10b\invoked.timestamp" 1 KB 
[2025-05-04 19:03:24]: Added  : ".fingerprint\cc-606bc9920606c10b\lib-cc" 1 KB 
[2025-05-04 19:03:24]: Added  : ".fingerprint\cc-606bc9920606c10b\lib-cc.json" 1 KB 
[2025-05-04 19:03:24]: Added  : ".fingerprint\cfb-044de7b8dd50eeae" 0 KB ,Flags: 64
[2025-05-04 19:03:24]: Added  : ".fingerprint\cfb-044de7b8dd50eeae\dep-lib-cfb" 1 KB 
[2025-05-04 19:03:24]: Added  : ".fingerprint\cfb-044de7b8dd50eeae\invoked.timestamp" 1 KB 
[2025-05-04 19:03:24]: Added  : ".fingerprint\cfb-044de7b8dd50eeae\lib-cfb" 1 KB 
[2025-05-04 19:03:24]: Added  : ".fingerprint\cfb-044de7b8dd50eeae\lib-cfb.json" 1 KB 
[2025-05-04 19:03:24]: Added  : ".fingerprint\cfb-47faba9aa4f7f4ef" 0 KB ,Flags: 64
[2025-05-04 19:03:24]: Added  : ".fingerprint\cfb-47faba9aa4f7f4ef\dep-lib-cfb" 1 KB 
[2025-05-04 19:03:24]: Added  : ".fingerprint\cfb-47faba9aa4f7f4ef\invoked.timestamp" 1 KB 
[2025-05-04 19:03:24]: Added  : ".fingerprint\cfb-47faba9aa4f7f4ef\lib-cfb" 1 KB 
[2025-05-04 19:03:24]: Added  : ".fingerprint\cfb-47faba9aa4f7f4ef\lib-cfb.json" 1 KB 
[2025-05-04 19:03:24]: Added  : ".fingerprint\cfg-if-22491faf1dc7620d" 0 KB ,Flags: 64
[2025-05-04 19:03:24]: Added  : ".fingerprint\cfg-if-22491faf1dc7620d\dep-lib-cfg_if" 1 KB 
[2025-05-04 19:03:24]: Added  : ".fingerprint\cfg-if-22491faf1dc7620d\invoked.timestamp" 1 KB 
[2025-05-04 19:03:24]: Added  : ".fingerprint\cfg-if-22491faf1dc7620d\lib-cfg_if" 1 KB 
[2025-05-04 19:03:24]: Added  : ".fingerprint\cfg-if-22491faf1dc7620d\lib-cfg_if.json" 1 KB 
[2025-05-04 19:03:24]: Added  : ".fingerprint\cfg-if-439cb46afd82dac3" 0 KB ,Flags: 64
[2025-05-04 19:03:24]: Added  : ".fingerprint\cfg-if-439cb46afd82dac3\dep-lib-cfg_if" 1 KB 
[2025-05-04 19:03:24]: Added  : ".fingerprint\cfg-if-439cb46afd82dac3\invoked.timestamp" 1 KB 
[2025-05-04 19:03:24]: Added  : ".fingerprint\cfg-if-439cb46afd82dac3\lib-cfg_if" 1 KB 
[2025-05-04 19:03:24]: Added  : ".fingerprint\cfg-if-439cb46afd82dac3\lib-cfg_if.json" 1 KB 
[2025-05-04 19:03:24]: Added  : ".fingerprint\cfg_aliases-4b1be87d5b5a496a" 0 KB ,Flags: 64
[2025-05-04 19:03:24]: Added  : ".fingerprint\cfg_aliases-4b1be87d5b5a496a\dep-lib-cfg_aliases" 1 KB 
[2025-05-04 19:03:24]: Added  : ".fingerprint\cfg_aliases-4b1be87d5b5a496a\invoked.timestamp" 1 KB 
[2025-05-04 19:03:24]: Added  : ".fingerprint\cfg_aliases-4b1be87d5b5a496a\lib-cfg_aliases" 1 KB 
[2025-05-04 19:03:24]: Added  : ".fingerprint\cfg_aliases-4b1be87d5b5a496a\lib-cfg_aliases.json" 1 KB 
[2025-05-04 19:03:24]: Added  : ".fingerprint\convert_case-12935a07f592d510" 0 KB ,Flags: 64
[2025-05-04 19:03:24]: Added  : ".fingerprint\convert_case-12935a07f592d510\dep-lib-convert_case" 1 KB 
[2025-05-04 19:03:24]: Added  : ".fingerprint\convert_case-12935a07f592d510\invoked.timestamp" 1 KB 
[2025-05-04 19:03:24]: Added  : ".fingerprint\convert_case-12935a07f592d510\lib-convert_case" 1 KB 
[2025-05-04 19:03:24]: Added  : ".fingerprint\convert_case-12935a07f592d510\lib-convert_case.json" 1 KB 
[2025-05-04 19:03:24]: Added  : ".fingerprint\cookie-54516235ccecfa7f" 0 KB ,Flags: 64
[2025-05-04 19:03:24]: Added  : ".fingerprint\cookie-54516235ccecfa7f\run-build-script-build-script-build" 1 KB 
[2025-05-04 19:03:24]: Added  : ".fingerprint\cookie-54516235ccecfa7f\run-build-script-build-script-build.json" 1 KB 
[2025-05-04 19:03:24]: Added  : ".fingerprint\cookie-d9369647915f3bf0" 0 KB ,Flags: 64
[2025-05-04 19:03:24]: Added  : ".fingerprint\cookie-d9369647915f3bf0\dep-lib-cookie" 1 KB 
[2025-05-04 19:03:24]: Added  : ".fingerprint\cookie-d9369647915f3bf0\invoked.timestamp" 1 KB 
[2025-05-04 19:03:24]: Added  : ".fingerprint\cookie-d9369647915f3bf0\lib-cookie" 1 KB 
[2025-05-04 19:03:24]: Added  : ".fingerprint\cookie-d9369647915f3bf0\lib-cookie.json" 1 KB 
[2025-05-04 19:03:24]: Added  : ".fingerprint\cookie-ece612df3b5b18f1" 0 KB ,Flags: 64
[2025-05-04 19:03:24]: Added  : ".fingerprint\cookie-ece612df3b5b18f1\build-script-build-script-build" 1 KB 
[2025-05-04 19:03:24]: Added  : ".fingerprint\cookie-ece612df3b5b18f1\build-script-build-script-build.json" 1 KB 
[2025-05-04 19:03:24]: Added  : ".fingerprint\cookie-ece612df3b5b18f1\dep-build-script-build-script-build" 1 KB 
[2025-05-04 19:03:24]: Added  : ".fingerprint\cookie-ece612df3b5b18f1\invoked.timestamp" 1 KB 
[2025-05-04 19:03:24]: Added  : ".fingerprint\cpufeatures-a1f8d2ca6087de1e" 0 KB ,Flags: 64
[2025-05-04 19:03:24]: Added  : ".fingerprint\cpufeatures-a1f8d2ca6087de1e\dep-lib-cpufeatures" 1 KB 
[2025-05-04 19:03:24]: Added  : ".fingerprint\cpufeatures-a1f8d2ca6087de1e\invoked.timestamp" 1 KB 
[2025-05-04 19:03:24]: Added  : ".fingerprint\cpufeatures-a1f8d2ca6087de1e\lib-cpufeatures" 1 KB 
[2025-05-04 19:03:24]: Added  : ".fingerprint\cpufeatures-a1f8d2ca6087de1e\lib-cpufeatures.json" 1 KB 
[2025-05-04 19:03:24]: Added  : ".fingerprint\crc32fast-9328ac57c897a79d" 0 KB ,Flags: 64
[2025-05-04 19:03:24]: Added  : ".fingerprint\crc32fast-9328ac57c897a79d\dep-lib-crc32fast" 1 KB 
[2025-05-04 19:03:24]: Added  : ".fingerprint\crc32fast-9328ac57c897a79d\invoked.timestamp" 1 KB 
[2025-05-04 19:03:24]: Added  : ".fingerprint\crc32fast-9328ac57c897a79d\lib-crc32fast" 1 KB 
[2025-05-04 19:03:24]: Added  : ".fingerprint\crc32fast-9328ac57c897a79d\lib-crc32fast.json" 1 KB 
[2025-05-04 19:03:24]: Added  : ".fingerprint\crossbeam-channel-da11943af83dfdbf" 0 KB ,Flags: 64
[2025-05-04 19:03:24]: Added  : ".fingerprint\crossbeam-channel-da11943af83dfdbf\dep-lib-crossbeam_channel" 1 KB 
[2025-05-04 19:03:24]: Added  : ".fingerprint\crossbeam-channel-da11943af83dfdbf\invoked.timestamp" 1 KB 
[2025-05-04 19:03:24]: Added  : ".fingerprint\crossbeam-channel-da11943af83dfdbf\lib-crossbeam_channel" 1 KB 
[2025-05-04 19:03:24]: Added  : ".fingerprint\crossbeam-channel-da11943af83dfdbf\lib-crossbeam_channel.json" 1 KB 
[2025-05-04 19:03:24]: Added  : ".fingerprint\crossbeam-utils-1d2a0c9274439ffb" 0 KB ,Flags: 64
[2025-05-04 19:03:24]: Added  : ".fingerprint\crossbeam-utils-1d2a0c9274439ffb\dep-lib-crossbeam_utils" 1 KB 
[2025-05-04 19:03:24]: Added  : ".fingerprint\crossbeam-utils-1d2a0c9274439ffb\invoked.timestamp" 1 KB 
[2025-05-04 19:03:24]: Added  : ".fingerprint\crossbeam-utils-1d2a0c9274439ffb\lib-crossbeam_utils" 1 KB 
[2025-05-04 19:03:24]: Added  : ".fingerprint\crossbeam-utils-1d2a0c9274439ffb\lib-crossbeam_utils.json" 1 KB 
[2025-05-04 19:03:24]: Added  : ".fingerprint\crossbeam-utils-a18692bd64ab46b6" 0 KB ,Flags: 64
[2025-05-04 19:03:24]: Added  : ".fingerprint\crossbeam-utils-a18692bd64ab46b6\build-script-build-script-build" 1 KB 
[2025-05-04 19:03:24]: Added  : ".fingerprint\crossbeam-utils-a18692bd64ab46b6\build-script-build-script-build.json" 1 KB 
[2025-05-04 19:03:24]: Added  : ".fingerprint\crossbeam-utils-a18692bd64ab46b6\dep-build-script-build-script-build" 1 KB 
[2025-05-04 19:03:24]: Added  : ".fingerprint\crossbeam-utils-a18692bd64ab46b6\invoked.timestamp" 1 KB 
[2025-05-04 19:03:24]: Added  : ".fingerprint\crossbeam-utils-e6969133cd8ce086" 0 KB ,Flags: 64
[2025-05-04 19:03:24]: Added  : ".fingerprint\crossbeam-utils-e6969133cd8ce086\run-build-script-build-script-build" 1 KB 
[2025-05-04 19:03:24]: Added  : ".fingerprint\crossbeam-utils-e6969133cd8ce086\run-build-script-build-script-build.json" 1 KB 
[2025-05-04 19:03:24]: Added  : ".fingerprint\crypto-common-3f69b3256bc73eda" 0 KB ,Flags: 64
[2025-05-04 19:03:24]: Added  : ".fingerprint\crypto-common-3f69b3256bc73eda\dep-lib-crypto_common" 1 KB 
[2025-05-04 19:03:24]: Added  : ".fingerprint\crypto-common-3f69b3256bc73eda\invoked.timestamp" 1 KB 
[2025-05-04 19:03:24]: Added  : ".fingerprint\crypto-common-3f69b3256bc73eda\lib-crypto_common" 1 KB 
[2025-05-04 19:03:24]: Added  : ".fingerprint\crypto-common-3f69b3256bc73eda\lib-crypto_common.json" 1 KB 
[2025-05-04 19:03:24]: Added  : ".fingerprint\cssparser-03cc0f07fdf66108" 0 KB ,Flags: 64
[2025-05-04 19:03:24]: Added  : ".fingerprint\cssparser-03cc0f07fdf66108\run-build-script-build-script-build" 1 KB 
[2025-05-04 19:03:24]: Added  : ".fingerprint\cssparser-03cc0f07fdf66108\run-build-script-build-script-build.json" 1 KB 
[2025-05-04 19:03:24]: Added  : ".fingerprint\cssparser-17f2e0956e033108" 0 KB ,Flags: 64
[2025-05-04 19:03:24]: Added  : ".fingerprint\cssparser-17f2e0956e033108\dep-lib-cssparser" 1 KB 
[2025-05-04 19:03:24]: Added  : ".fingerprint\cssparser-17f2e0956e033108\invoked.timestamp" 1 KB 
[2025-05-04 19:03:24]: Added  : ".fingerprint\cssparser-17f2e0956e033108\lib-cssparser" 1 KB 
[2025-05-04 19:03:24]: Added  : ".fingerprint\cssparser-17f2e0956e033108\lib-cssparser.json" 1 KB 
[2025-05-04 19:03:24]: Added  : ".fingerprint\cssparser-1ccd02f62841b21c" 0 KB ,Flags: 64
[2025-05-04 19:03:24]: Added  : ".fingerprint\cssparser-1ccd02f62841b21c\dep-lib-cssparser" 1 KB 
[2025-05-04 19:03:24]: Added  : ".fingerprint\cssparser-1ccd02f62841b21c\invoked.timestamp" 1 KB 
[2025-05-04 19:03:24]: Added  : ".fingerprint\cssparser-1ccd02f62841b21c\lib-cssparser" 1 KB 
[2025-05-04 19:03:24]: Added  : ".fingerprint\cssparser-1ccd02f62841b21c\lib-cssparser.json" 1 KB 
[2025-05-04 19:03:24]: Added  : ".fingerprint\cssparser-3fcaa043908ad4f4" 0 KB ,Flags: 64
[2025-05-04 19:03:24]: Added  : ".fingerprint\cssparser-3fcaa043908ad4f4\run-build-script-build-script-build" 1 KB 
[2025-05-04 19:03:24]: Added  : ".fingerprint\cssparser-3fcaa043908ad4f4\run-build-script-build-script-build.json" 1 KB 
[2025-05-04 19:03:24]: Added  : ".fingerprint\cssparser-3ff851500d1a7c99" 0 KB ,Flags: 64
[2025-05-04 19:03:24]: Added  : ".fingerprint\cssparser-3ff851500d1a7c99\build-script-build-script-build" 1 KB 
[2025-05-04 19:03:24]: Added  : ".fingerprint\cssparser-3ff851500d1a7c99\build-script-build-script-build.json" 1 KB 
[2025-05-04 19:03:24]: Added  : ".fingerprint\cssparser-3ff851500d1a7c99\dep-build-script-build-script-build" 1 KB 
[2025-05-04 19:03:24]: Added  : ".fingerprint\cssparser-3ff851500d1a7c99\invoked.timestamp" 1 KB 
[2025-05-04 19:03:24]: Added  : ".fingerprint\cssparser-macros-0f835a11868a622e" 0 KB ,Flags: 64
[2025-05-04 19:03:24]: Added  : ".fingerprint\cssparser-macros-0f835a11868a622e\dep-lib-cssparser_macros" 1 KB 
[2025-05-04 19:03:24]: Added  : ".fingerprint\cssparser-macros-0f835a11868a622e\invoked.timestamp" 1 KB 
[2025-05-04 19:03:24]: Added  : ".fingerprint\cssparser-macros-0f835a11868a622e\lib-cssparser_macros" 1 KB 
[2025-05-04 19:03:24]: Added  : ".fingerprint\cssparser-macros-0f835a11868a622e\lib-cssparser_macros.json" 1 KB 
[2025-05-04 19:03:24]: Added  : ".fingerprint\ctor-5ef8cd0423414311" 0 KB ,Flags: 64
[2025-05-04 19:03:24]: Added  : ".fingerprint\ctor-5ef8cd0423414311\dep-lib-ctor" 1 KB 
[2025-05-04 19:03:24]: Added  : ".fingerprint\ctor-5ef8cd0423414311\invoked.timestamp" 1 KB 
[2025-05-04 19:03:24]: Added  : ".fingerprint\ctor-5ef8cd0423414311\lib-ctor" 1 KB 
[2025-05-04 19:03:24]: Added  : ".fingerprint\ctor-5ef8cd0423414311\lib-ctor.json" 1 KB 
[2025-05-04 19:03:24]: Added  : ".fingerprint\darling-35f6957d4c743958" 0 KB ,Flags: 64
[2025-05-04 19:03:24]: Added  : ".fingerprint\darling-35f6957d4c743958\dep-lib-darling" 1 KB 
[2025-05-04 19:03:24]: Added  : ".fingerprint\darling-35f6957d4c743958\invoked.timestamp" 1 KB 
[2025-05-04 19:03:24]: Added  : ".fingerprint\darling-35f6957d4c743958\lib-darling" 1 KB 
[2025-05-04 19:03:24]: Added  : ".fingerprint\darling-35f6957d4c743958\lib-darling.json" 1 KB 
[2025-05-04 19:03:24]: Added  : ".fingerprint\darling_core-9879ae30ab0e716f" 0 KB ,Flags: 64
[2025-05-04 19:03:24]: Added  : ".fingerprint\darling_core-9879ae30ab0e716f\dep-lib-darling_core" 1 KB 
[2025-05-04 19:03:24]: Added  : ".fingerprint\darling_core-9879ae30ab0e716f\invoked.timestamp" 1 KB 
[2025-05-04 19:03:24]: Added  : ".fingerprint\darling_core-9879ae30ab0e716f\lib-darling_core" 1 KB 
[2025-05-04 19:03:24]: Added  : ".fingerprint\darling_core-9879ae30ab0e716f\lib-darling_core.json" 1 KB 
[2025-05-04 19:03:24]: Added  : ".fingerprint\darling_macro-1ef041d3370f03fc" 0 KB ,Flags: 64
[2025-05-04 19:03:24]: Added  : ".fingerprint\darling_macro-1ef041d3370f03fc\dep-lib-darling_macro" 1 KB 
[2025-05-04 19:03:24]: Added  : ".fingerprint\darling_macro-1ef041d3370f03fc\invoked.timestamp" 1 KB 
[2025-05-04 19:03:24]: Added  : ".fingerprint\darling_macro-1ef041d3370f03fc\lib-darling_macro" 1 KB 
[2025-05-04 19:03:24]: Added  : ".fingerprint\darling_macro-1ef041d3370f03fc\lib-darling_macro.json" 1 KB 
[2025-05-04 19:03:24]: Added  : ".fingerprint\deranged-74b31a1f5d9ba0c0" 0 KB ,Flags: 64
[2025-05-04 19:03:24]: Added  : ".fingerprint\deranged-74b31a1f5d9ba0c0\dep-lib-deranged" 1 KB 
[2025-05-04 19:03:24]: Added  : ".fingerprint\deranged-74b31a1f5d9ba0c0\invoked.timestamp" 1 KB 
[2025-05-04 19:03:24]: Added  : ".fingerprint\deranged-74b31a1f5d9ba0c0\lib-deranged" 1 KB 
[2025-05-04 19:03:24]: Added  : ".fingerprint\deranged-74b31a1f5d9ba0c0\lib-deranged.json" 1 KB 
[2025-05-04 19:03:24]: Added  : ".fingerprint\derive_more-b45f99d7f751f4f3" 0 KB ,Flags: 64
[2025-05-04 19:03:24]: Added  : ".fingerprint\derive_more-b45f99d7f751f4f3\dep-lib-derive_more" 1 KB 
[2025-05-04 19:03:24]: Added  : ".fingerprint\derive_more-b45f99d7f751f4f3\invoked.timestamp" 1 KB 
[2025-05-04 19:03:24]: Added  : ".fingerprint\derive_more-b45f99d7f751f4f3\lib-derive_more" 1 KB 
[2025-05-04 19:03:24]: Added  : ".fingerprint\derive_more-b45f99d7f751f4f3\lib-derive_more.json" 2 KB 
[2025-05-04 19:03:24]: Added  : ".fingerprint\digest-5b78da34eb2c1b48" 0 KB ,Flags: 64
[2025-05-04 19:03:24]: Added  : ".fingerprint\digest-5b78da34eb2c1b48\dep-lib-digest" 1 KB 
[2025-05-04 19:03:24]: Added  : ".fingerprint\digest-5b78da34eb2c1b48\invoked.timestamp" 1 KB 
[2025-05-04 19:03:24]: Added  : ".fingerprint\digest-5b78da34eb2c1b48\lib-digest" 1 KB 
[2025-05-04 19:03:24]: Added  : ".fingerprint\digest-5b78da34eb2c1b48\lib-digest.json" 1 KB 
[2025-05-04 19:03:24]: Added  : ".fingerprint\dirs-6adc6f813402fe98" 0 KB ,Flags: 64
[2025-05-04 19:03:24]: Added  : ".fingerprint\dirs-6adc6f813402fe98\dep-lib-dirs" 1 KB 
[2025-05-04 19:03:24]: Added  : ".fingerprint\dirs-6adc6f813402fe98\invoked.timestamp" 1 KB 
[2025-05-04 19:03:24]: Added  : ".fingerprint\dirs-6adc6f813402fe98\lib-dirs" 1 KB 
[2025-05-04 19:03:24]: Added  : ".fingerprint\dirs-6adc6f813402fe98\lib-dirs.json" 1 KB 
[2025-05-04 19:03:24]: Added  : ".fingerprint\dirs-d03044fa268a7fec" 0 KB ,Flags: 64
[2025-05-04 19:03:24]: Added  : ".fingerprint\dirs-d03044fa268a7fec\dep-lib-dirs" 1 KB 
[2025-05-04 19:03:24]: Added  : ".fingerprint\dirs-d03044fa268a7fec\invoked.timestamp" 1 KB 
[2025-05-04 19:03:24]: Added  : ".fingerprint\dirs-d03044fa268a7fec\lib-dirs" 1 KB 
[2025-05-04 19:03:24]: Added  : ".fingerprint\dirs-d03044fa268a7fec\lib-dirs.json" 1 KB 
[2025-05-04 19:03:24]: Added  : ".fingerprint\dirs-sys-565c1333ef45efa6" 0 KB ,Flags: 64
[2025-05-04 19:03:24]: Added  : ".fingerprint\dirs-sys-565c1333ef45efa6\dep-lib-dirs_sys" 1 KB 
[2025-05-04 19:03:24]: Added  : ".fingerprint\dirs-sys-565c1333ef45efa6\invoked.timestamp" 1 KB 
[2025-05-04 19:03:24]: Added  : ".fingerprint\dirs-sys-565c1333ef45efa6\lib-dirs_sys" 1 KB 
[2025-05-04 19:03:24]: Added  : ".fingerprint\dirs-sys-565c1333ef45efa6\lib-dirs_sys.json" 1 KB 
[2025-05-04 19:03:24]: Added  : ".fingerprint\dirs-sys-85bf84b09b7e4c8a" 0 KB ,Flags: 64
[2025-05-04 19:03:24]: Added  : ".fingerprint\dirs-sys-85bf84b09b7e4c8a\dep-lib-dirs_sys" 1 KB 
[2025-05-04 19:03:24]: Added  : ".fingerprint\dirs-sys-85bf84b09b7e4c8a\invoked.timestamp" 1 KB 
[2025-05-04 19:03:24]: Added  : ".fingerprint\dirs-sys-85bf84b09b7e4c8a\lib-dirs_sys" 1 KB 
[2025-05-04 19:03:24]: Added  : ".fingerprint\dirs-sys-85bf84b09b7e4c8a\lib-dirs_sys.json" 1 KB 
[2025-05-04 19:03:24]: Added  : ".fingerprint\displaydoc-33f9ac36a3b1b603" 0 KB ,Flags: 64
[2025-05-04 19:03:24]: Added  : ".fingerprint\displaydoc-33f9ac36a3b1b603\dep-lib-displaydoc" 1 KB 
[2025-05-04 19:03:24]: Added  : ".fingerprint\displaydoc-33f9ac36a3b1b603\invoked.timestamp" 1 KB 
[2025-05-04 19:03:24]: Added  : ".fingerprint\displaydoc-33f9ac36a3b1b603\lib-displaydoc" 1 KB 
[2025-05-04 19:03:24]: Added  : ".fingerprint\displaydoc-33f9ac36a3b1b603\lib-displaydoc.json" 1 KB 
[2025-05-04 19:03:24]: Added  : ".fingerprint\dpi-6c3d4cbfba2ad39d" 0 KB ,Flags: 64
[2025-05-04 19:03:24]: Added  : ".fingerprint\dpi-6c3d4cbfba2ad39d\dep-lib-dpi" 1 KB 
[2025-05-04 19:03:24]: Added  : ".fingerprint\dpi-6c3d4cbfba2ad39d\invoked.timestamp" 1 KB 
[2025-05-04 19:03:24]: Added  : ".fingerprint\dpi-6c3d4cbfba2ad39d\lib-dpi" 1 KB 
[2025-05-04 19:03:24]: Added  : ".fingerprint\dpi-6c3d4cbfba2ad39d\lib-dpi.json" 1 KB 
[2025-05-04 19:03:24]: Added  : ".fingerprint\dtoa-064289fdc90298c1" 0 KB ,Flags: 64
[2025-05-04 19:03:24]: Added  : ".fingerprint\dtoa-064289fdc90298c1\dep-lib-dtoa" 1 KB 
[2025-05-04 19:03:24]: Added  : ".fingerprint\dtoa-064289fdc90298c1\invoked.timestamp" 1 KB 
[2025-05-04 19:03:24]: Added  : ".fingerprint\dtoa-064289fdc90298c1\lib-dtoa" 1 KB 
[2025-05-04 19:03:24]: Added  : ".fingerprint\dtoa-064289fdc90298c1\lib-dtoa.json" 1 KB 
[2025-05-04 19:03:24]: Added  : ".fingerprint\dtoa-a8d344dac9d791da" 0 KB ,Flags: 64
[2025-05-04 19:03:24]: Added  : ".fingerprint\dtoa-a8d344dac9d791da\dep-lib-dtoa" 1 KB 
[2025-05-04 19:03:24]: Added  : ".fingerprint\dtoa-a8d344dac9d791da\invoked.timestamp" 1 KB 
[2025-05-04 19:03:24]: Added  : ".fingerprint\dtoa-a8d344dac9d791da\lib-dtoa" 1 KB 
[2025-05-04 19:03:24]: Added  : ".fingerprint\dtoa-a8d344dac9d791da\lib-dtoa.json" 1 KB 
[2025-05-04 19:03:24]: Added  : ".fingerprint\dtoa-short-7e4813354f64ca8b" 0 KB ,Flags: 64
[2025-05-04 19:03:24]: Added  : ".fingerprint\dtoa-short-7e4813354f64ca8b\dep-lib-dtoa_short" 1 KB 
[2025-05-04 19:03:24]: Added  : ".fingerprint\dtoa-short-7e4813354f64ca8b\invoked.timestamp" 1 KB 
[2025-05-04 19:03:24]: Added  : ".fingerprint\dtoa-short-7e4813354f64ca8b\lib-dtoa_short" 1 KB 
[2025-05-04 19:03:24]: Added  : ".fingerprint\dtoa-short-7e4813354f64ca8b\lib-dtoa_short.json" 1 KB 
[2025-05-04 19:03:24]: Added  : ".fingerprint\dtoa-short-8bd33f0087c9e125" 0 KB ,Flags: 64
[2025-05-04 19:03:24]: Added  : ".fingerprint\dtoa-short-8bd33f0087c9e125\dep-lib-dtoa_short" 1 KB 
[2025-05-04 19:03:24]: Added  : ".fingerprint\dtoa-short-8bd33f0087c9e125\invoked.timestamp" 1 KB 
[2025-05-04 19:03:24]: Added  : ".fingerprint\dtoa-short-8bd33f0087c9e125\lib-dtoa_short" 1 KB 
[2025-05-04 19:03:24]: Added  : ".fingerprint\dtoa-short-8bd33f0087c9e125\lib-dtoa_short.json" 1 KB 
[2025-05-04 19:03:24]: Added  : ".fingerprint\dunce-56c38a4f30fcbc4a" 0 KB ,Flags: 64
[2025-05-04 19:03:24]: Added  : ".fingerprint\dunce-56c38a4f30fcbc4a\dep-lib-dunce" 1 KB 
[2025-05-04 19:03:24]: Added  : ".fingerprint\dunce-56c38a4f30fcbc4a\invoked.timestamp" 1 KB 
[2025-05-04 19:03:24]: Added  : ".fingerprint\dunce-56c38a4f30fcbc4a\lib-dunce" 1 KB 
[2025-05-04 19:03:24]: Added  : ".fingerprint\dunce-56c38a4f30fcbc4a\lib-dunce.json" 1 KB 
[2025-05-04 19:03:24]: Added  : ".fingerprint\dunce-7bf35455cc192ecd" 0 KB ,Flags: 64
[2025-05-04 19:03:24]: Added  : ".fingerprint\dunce-7bf35455cc192ecd\dep-lib-dunce" 1 KB 
[2025-05-04 19:03:24]: Added  : ".fingerprint\dunce-7bf35455cc192ecd\invoked.timestamp" 1 KB 
[2025-05-04 19:03:24]: Added  : ".fingerprint\dunce-7bf35455cc192ecd\lib-dunce" 1 KB 
[2025-05-04 19:03:24]: Added  : ".fingerprint\dunce-7bf35455cc192ecd\lib-dunce.json" 1 KB 
[2025-05-04 19:03:24]: Added  : ".fingerprint\dyn-clone-c5b861ee70dfe2ae" 0 KB ,Flags: 64
[2025-05-04 19:03:24]: Added  : ".fingerprint\dyn-clone-c5b861ee70dfe2ae\dep-lib-dyn_clone" 1 KB 
[2025-05-04 19:03:24]: Added  : ".fingerprint\dyn-clone-c5b861ee70dfe2ae\invoked.timestamp" 1 KB 
[2025-05-04 19:03:24]: Added  : ".fingerprint\dyn-clone-c5b861ee70dfe2ae\lib-dyn_clone" 1 KB 
[2025-05-04 19:03:24]: Added  : ".fingerprint\dyn-clone-c5b861ee70dfe2ae\lib-dyn_clone.json" 1 KB 
[2025-05-04 19:03:24]: Added  : ".fingerprint\embed-resource-b095ee2cd72b02af" 0 KB ,Flags: 64
[2025-05-04 19:03:24]: Added  : ".fingerprint\embed-resource-b095ee2cd72b02af\dep-lib-embed_resource" 1 KB 
[2025-05-04 19:03:24]: Added  : ".fingerprint\embed-resource-b095ee2cd72b02af\invoked.timestamp" 1 KB 
[2025-05-04 19:03:24]: Added  : ".fingerprint\embed-resource-b095ee2cd72b02af\lib-embed_resource" 1 KB 
[2025-05-04 19:03:24]: Added  : ".fingerprint\embed-resource-b095ee2cd72b02af\lib-embed_resource.json" 1 KB 
[2025-05-04 19:03:24]: Added  : ".fingerprint\equivalent-1501af6dfb5f1424" 0 KB ,Flags: 64
[2025-05-04 19:03:24]: Added  : ".fingerprint\equivalent-1501af6dfb5f1424\dep-lib-equivalent" 1 KB 
[2025-05-04 19:03:24]: Added  : ".fingerprint\equivalent-1501af6dfb5f1424\invoked.timestamp" 1 KB 
[2025-05-04 19:03:24]: Added  : ".fingerprint\equivalent-1501af6dfb5f1424\lib-equivalent" 1 KB 
[2025-05-04 19:03:24]: Added  : ".fingerprint\equivalent-1501af6dfb5f1424\lib-equivalent.json" 1 KB 
[2025-05-04 19:03:24]: Added  : ".fingerprint\equivalent-a03f5a67b38aa2c1" 0 KB ,Flags: 64
[2025-05-04 19:03:24]: Added  : ".fingerprint\equivalent-a03f5a67b38aa2c1\dep-lib-equivalent" 1 KB 
[2025-05-04 19:03:24]: Added  : ".fingerprint\equivalent-a03f5a67b38aa2c1\invoked.timestamp" 1 KB 
[2025-05-04 19:03:24]: Added  : ".fingerprint\equivalent-a03f5a67b38aa2c1\lib-equivalent" 1 KB 
[2025-05-04 19:03:24]: Added  : ".fingerprint\equivalent-a03f5a67b38aa2c1\lib-equivalent.json" 1 KB 
[2025-05-04 19:03:24]: Added  : ".fingerprint\erased-serde-5e78902295ba9796" 0 KB ,Flags: 64
[2025-05-04 19:03:24]: Added  : ".fingerprint\erased-serde-5e78902295ba9796\dep-lib-erased_serde" 1 KB 
[2025-05-04 19:03:24]: Added  : ".fingerprint\erased-serde-5e78902295ba9796\invoked.timestamp" 1 KB 
[2025-05-04 19:03:24]: Added  : ".fingerprint\erased-serde-5e78902295ba9796\lib-erased_serde" 1 KB 
[2025-05-04 19:03:24]: Added  : ".fingerprint\erased-serde-5e78902295ba9796\lib-erased_serde.json" 1 KB 
[2025-05-04 19:03:24]: Added  : ".fingerprint\erased-serde-bf1ccd13cfd222b7" 0 KB ,Flags: 64
[2025-05-04 19:03:24]: Added  : ".fingerprint\erased-serde-bf1ccd13cfd222b7\dep-lib-erased_serde" 1 KB 
[2025-05-04 19:03:24]: Added  : ".fingerprint\erased-serde-bf1ccd13cfd222b7\invoked.timestamp" 1 KB 
[2025-05-04 19:03:24]: Added  : ".fingerprint\erased-serde-bf1ccd13cfd222b7\lib-erased_serde" 1 KB 
[2025-05-04 19:03:24]: Added  : ".fingerprint\erased-serde-bf1ccd13cfd222b7\lib-erased_serde.json" 1 KB 
[2025-05-04 19:03:24]: Added  : ".fingerprint\fdeflate-4312663c64f9a4c3" 0 KB ,Flags: 64
[2025-05-04 19:03:24]: Added  : ".fingerprint\fdeflate-4312663c64f9a4c3\dep-lib-fdeflate" 1 KB 
[2025-05-04 19:03:24]: Added  : ".fingerprint\fdeflate-4312663c64f9a4c3\invoked.timestamp" 1 KB 
[2025-05-04 19:03:24]: Added  : ".fingerprint\fdeflate-4312663c64f9a4c3\lib-fdeflate" 1 KB 
[2025-05-04 19:03:24]: Added  : ".fingerprint\fdeflate-4312663c64f9a4c3\lib-fdeflate.json" 1 KB 
[2025-05-04 19:03:24]: Added  : ".fingerprint\fern-fd8b6f86b4e083cf" 0 KB ,Flags: 64
[2025-05-04 19:03:24]: Added  : ".fingerprint\fern-fd8b6f86b4e083cf\dep-lib-fern" 1 KB 
[2025-05-04 19:03:24]: Added  : ".fingerprint\fern-fd8b6f86b4e083cf\invoked.timestamp" 1 KB 
[2025-05-04 19:03:24]: Added  : ".fingerprint\fern-fd8b6f86b4e083cf\lib-fern" 1 KB 
[2025-05-04 19:03:24]: Added  : ".fingerprint\fern-fd8b6f86b4e083cf\lib-fern.json" 1 KB 
[2025-05-04 19:03:24]: Added  : ".fingerprint\flate2-e2bcd981f6c32131" 0 KB ,Flags: 64
[2025-05-04 19:03:24]: Added  : ".fingerprint\flate2-e2bcd981f6c32131\dep-lib-flate2" 1 KB 
[2025-05-04 19:03:24]: Added  : ".fingerprint\flate2-e2bcd981f6c32131\invoked.timestamp" 1 KB 
[2025-05-04 19:03:24]: Added  : ".fingerprint\flate2-e2bcd981f6c32131\lib-flate2" 1 KB 
[2025-05-04 19:03:24]: Added  : ".fingerprint\flate2-e2bcd981f6c32131\lib-flate2.json" 1 KB 
[2025-05-04 19:03:24]: Added  : ".fingerprint\fnv-4c9f77d4c45f6e26" 0 KB ,Flags: 64
[2025-05-04 19:03:24]: Added  : ".fingerprint\fnv-4c9f77d4c45f6e26\dep-lib-fnv" 1 KB 
[2025-05-04 19:03:24]: Added  : ".fingerprint\fnv-4c9f77d4c45f6e26\invoked.timestamp" 1 KB 
[2025-05-04 19:03:24]: Added  : ".fingerprint\fnv-4c9f77d4c45f6e26\lib-fnv" 1 KB 
[2025-05-04 19:03:24]: Added  : ".fingerprint\fnv-4c9f77d4c45f6e26\lib-fnv.json" 1 KB 
[2025-05-04 19:03:24]: Added  : ".fingerprint\fnv-f1fd68527e45b238" 0 KB ,Flags: 64
[2025-05-04 19:03:24]: Added  : ".fingerprint\fnv-f1fd68527e45b238\dep-lib-fnv" 1 KB 
[2025-05-04 19:03:24]: Added  : ".fingerprint\fnv-f1fd68527e45b238\invoked.timestamp" 1 KB 
[2025-05-04 19:03:24]: Added  : ".fingerprint\fnv-f1fd68527e45b238\lib-fnv" 1 KB 
[2025-05-04 19:03:24]: Added  : ".fingerprint\fnv-f1fd68527e45b238\lib-fnv.json" 1 KB 
[2025-05-04 19:03:24]: Added  : ".fingerprint\form_urlencoded-493aa1ca72fe2d70" 0 KB ,Flags: 64
[2025-05-04 19:03:24]: Added  : ".fingerprint\form_urlencoded-493aa1ca72fe2d70\dep-lib-form_urlencoded" 1 KB 
[2025-05-04 19:03:24]: Added  : ".fingerprint\form_urlencoded-493aa1ca72fe2d70\invoked.timestamp" 1 KB 
[2025-05-04 19:03:24]: Added  : ".fingerprint\form_urlencoded-493aa1ca72fe2d70\lib-form_urlencoded" 1 KB 
[2025-05-04 19:03:24]: Added  : ".fingerprint\form_urlencoded-493aa1ca72fe2d70\lib-form_urlencoded.json" 1 KB 
[2025-05-04 19:03:24]: Added  : ".fingerprint\form_urlencoded-bc7e9eaf2014bf1d" 0 KB ,Flags: 64
[2025-05-04 19:03:24]: Added  : ".fingerprint\form_urlencoded-bc7e9eaf2014bf1d\dep-lib-form_urlencoded" 1 KB 
[2025-05-04 19:03:24]: Added  : ".fingerprint\form_urlencoded-bc7e9eaf2014bf1d\invoked.timestamp" 1 KB 
[2025-05-04 19:03:24]: Added  : ".fingerprint\form_urlencoded-bc7e9eaf2014bf1d\lib-form_urlencoded" 1 KB 
[2025-05-04 19:03:24]: Added  : ".fingerprint\form_urlencoded-bc7e9eaf2014bf1d\lib-form_urlencoded.json" 1 KB 
[2025-05-04 19:03:24]: Added  : ".fingerprint\futf-28ecdd7baefac87a" 0 KB ,Flags: 64
[2025-05-04 19:03:24]: Added  : ".fingerprint\futf-28ecdd7baefac87a\dep-lib-futf" 1 KB 
[2025-05-04 19:03:24]: Added  : ".fingerprint\futf-28ecdd7baefac87a\invoked.timestamp" 1 KB 
[2025-05-04 19:03:24]: Added  : ".fingerprint\futf-28ecdd7baefac87a\lib-futf" 1 KB 
[2025-05-04 19:03:24]: Added  : ".fingerprint\futf-28ecdd7baefac87a\lib-futf.json" 1 KB 
[2025-05-04 19:03:24]: Added  : ".fingerprint\futf-b60f843738867d7d" 0 KB ,Flags: 64
[2025-05-04 19:03:24]: Added  : ".fingerprint\futf-b60f843738867d7d\dep-lib-futf" 1 KB 
[2025-05-04 19:03:24]: Added  : ".fingerprint\futf-b60f843738867d7d\invoked.timestamp" 1 KB 
[2025-05-04 19:03:24]: Added  : ".fingerprint\futf-b60f843738867d7d\lib-futf" 1 KB 
[2025-05-04 19:03:24]: Added  : ".fingerprint\futf-b60f843738867d7d\lib-futf.json" 1 KB 
[2025-05-04 19:03:24]: Added  : ".fingerprint\futures-core-0c1587e0db727d9c" 0 KB ,Flags: 64
[2025-05-04 19:03:24]: Added  : ".fingerprint\futures-core-0c1587e0db727d9c\dep-lib-futures_core" 1 KB 
[2025-05-04 19:03:24]: Added  : ".fingerprint\futures-core-0c1587e0db727d9c\invoked.timestamp" 1 KB 
[2025-05-04 19:03:24]: Added  : ".fingerprint\futures-core-0c1587e0db727d9c\lib-futures_core" 1 KB 
[2025-05-04 19:03:24]: Added  : ".fingerprint\futures-core-0c1587e0db727d9c\lib-futures_core.json" 1 KB 
[2025-05-04 19:03:24]: Added  : ".fingerprint\futures-macro-c8ff5ae6b8dcd5d2" 0 KB ,Flags: 64
[2025-05-04 19:03:24]: Added  : ".fingerprint\futures-macro-c8ff5ae6b8dcd5d2\dep-lib-futures_macro" 1 KB 
[2025-05-04 19:03:24]: Added  : ".fingerprint\futures-macro-c8ff5ae6b8dcd5d2\invoked.timestamp" 1 KB 
[2025-05-04 19:03:24]: Added  : ".fingerprint\futures-macro-c8ff5ae6b8dcd5d2\lib-futures_macro" 1 KB 
[2025-05-04 19:03:24]: Added  : ".fingerprint\futures-macro-c8ff5ae6b8dcd5d2\lib-futures_macro.json" 1 KB 
[2025-05-04 19:03:24]: Added  : ".fingerprint\futures-task-4a5b991e030a2fbb" 0 KB ,Flags: 64
[2025-05-04 19:03:24]: Added  : ".fingerprint\futures-task-4a5b991e030a2fbb\dep-lib-futures_task" 1 KB 
[2025-05-04 19:03:24]: Added  : ".fingerprint\futures-task-4a5b991e030a2fbb\invoked.timestamp" 1 KB 
[2025-05-04 19:03:24]: Added  : ".fingerprint\futures-task-4a5b991e030a2fbb\lib-futures_task" 1 KB 
[2025-05-04 19:03:24]: Added  : ".fingerprint\futures-task-4a5b991e030a2fbb\lib-futures_task.json" 1 KB 
[2025-05-04 19:03:24]: Added  : ".fingerprint\futures-util-25719bd0f23a4e4f" 0 KB ,Flags: 64
[2025-05-04 19:03:24]: Added  : ".fingerprint\futures-util-25719bd0f23a4e4f\dep-lib-futures_util" 1 KB 
[2025-05-04 19:03:24]: Added  : ".fingerprint\futures-util-25719bd0f23a4e4f\invoked.timestamp" 1 KB 
[2025-05-04 19:03:24]: Added  : ".fingerprint\futures-util-25719bd0f23a4e4f\lib-futures_util" 1 KB 
[2025-05-04 19:03:24]: Added  : ".fingerprint\futures-util-25719bd0f23a4e4f\lib-futures_util.json" 2 KB 
[2025-05-04 19:03:24]: Added  : ".fingerprint\fxhash-3a7910f146e8a927" 0 KB ,Flags: 64
[2025-05-04 19:03:24]: Added  : ".fingerprint\fxhash-3a7910f146e8a927\dep-lib-fxhash" 1 KB 
[2025-05-04 19:03:24]: Added  : ".fingerprint\fxhash-3a7910f146e8a927\invoked.timestamp" 1 KB 
[2025-05-04 19:03:24]: Added  : ".fingerprint\fxhash-3a7910f146e8a927\lib-fxhash" 1 KB 
[2025-05-04 19:03:24]: Added  : ".fingerprint\fxhash-3a7910f146e8a927\lib-fxhash.json" 1 KB 
[2025-05-04 19:03:24]: Added  : ".fingerprint\fxhash-b625bcc6da4480e9" 0 KB ,Flags: 64
[2025-05-04 19:03:24]: Added  : ".fingerprint\fxhash-b625bcc6da4480e9\dep-lib-fxhash" 1 KB 
[2025-05-04 19:03:24]: Added  : ".fingerprint\fxhash-b625bcc6da4480e9\invoked.timestamp" 1 KB 
[2025-05-04 19:03:24]: Added  : ".fingerprint\fxhash-b625bcc6da4480e9\lib-fxhash" 1 KB 
[2025-05-04 19:03:24]: Added  : ".fingerprint\fxhash-b625bcc6da4480e9\lib-fxhash.json" 1 KB 
[2025-05-04 19:03:24]: Added  : ".fingerprint\generic-array-ab08241341d61c2e" 0 KB ,Flags: 64
[2025-05-04 19:03:24]: Added  : ".fingerprint\generic-array-ab08241341d61c2e\dep-lib-generic_array" 1 KB 
[2025-05-04 19:03:24]: Added  : ".fingerprint\generic-array-ab08241341d61c2e\invoked.timestamp" 1 KB 
[2025-05-04 19:03:24]: Added  : ".fingerprint\generic-array-ab08241341d61c2e\lib-generic_array" 1 KB 
[2025-05-04 19:03:24]: Added  : ".fingerprint\generic-array-ab08241341d61c2e\lib-generic_array.json" 1 KB 
[2025-05-04 19:03:24]: Added  : ".fingerprint\generic-array-b0f6066fade1c8bf" 0 KB ,Flags: 64
[2025-05-04 19:03:24]: Added  : ".fingerprint\generic-array-b0f6066fade1c8bf\run-build-script-build-script-build" 1 KB 
[2025-05-04 19:03:24]: Added  : ".fingerprint\generic-array-b0f6066fade1c8bf\run-build-script-build-script-build.json" 1 KB 
[2025-05-04 19:03:24]: Added  : ".fingerprint\generic-array-b6ac479bd432ec4e" 0 KB ,Flags: 64
[2025-05-04 19:03:24]: Added  : ".fingerprint\generic-array-b6ac479bd432ec4e\build-script-build-script-build" 1 KB 
[2025-05-04 19:03:24]: Added  : ".fingerprint\generic-array-b6ac479bd432ec4e\build-script-build-script-build.json" 1 KB 
[2025-05-04 19:03:24]: Added  : ".fingerprint\generic-array-b6ac479bd432ec4e\dep-build-script-build-script-build" 1 KB 
[2025-05-04 19:03:24]: Added  : ".fingerprint\generic-array-b6ac479bd432ec4e\invoked.timestamp" 1 KB 
[2025-05-04 19:03:24]: Added  : ".fingerprint\getrandom-11fd4788379e1b6f" 0 KB ,Flags: 64
[2025-05-04 19:03:24]: Added  : ".fingerprint\getrandom-11fd4788379e1b6f\dep-lib-getrandom" 1 KB 
[2025-05-04 19:03:24]: Added  : ".fingerprint\getrandom-11fd4788379e1b6f\invoked.timestamp" 1 KB 
[2025-05-04 19:03:24]: Added  : ".fingerprint\getrandom-11fd4788379e1b6f\lib-getrandom" 1 KB 
[2025-05-04 19:03:24]: Added  : ".fingerprint\getrandom-11fd4788379e1b6f\lib-getrandom.json" 1 KB 
[2025-05-04 19:03:24]: Added  : ".fingerprint\getrandom-2128903e85d08a27" 0 KB ,Flags: 64
[2025-05-04 19:03:24]: Added  : ".fingerprint\getrandom-2128903e85d08a27\dep-lib-getrandom" 1 KB 
[2025-05-04 19:03:24]: Added  : ".fingerprint\getrandom-2128903e85d08a27\invoked.timestamp" 1 KB 
[2025-05-04 19:03:24]: Added  : ".fingerprint\getrandom-2128903e85d08a27\lib-getrandom" 1 KB 
[2025-05-04 19:03:24]: Added  : ".fingerprint\getrandom-2128903e85d08a27\lib-getrandom.json" 1 KB 
[2025-05-04 19:03:24]: Added  : ".fingerprint\getrandom-3113424736ffb593" 0 KB ,Flags: 64
[2025-05-04 19:03:24]: Added  : ".fingerprint\getrandom-3113424736ffb593\build-script-build-script-build" 1 KB 
[2025-05-04 19:03:24]: Added  : ".fingerprint\getrandom-3113424736ffb593\build-script-build-script-build.json" 1 KB 
[2025-05-04 19:03:24]: Added  : ".fingerprint\getrandom-3113424736ffb593\dep-build-script-build-script-build" 1 KB 
[2025-05-04 19:03:24]: Added  : ".fingerprint\getrandom-3113424736ffb593\invoked.timestamp" 1 KB 
[2025-05-04 19:03:24]: Added  : ".fingerprint\getrandom-36392adf7874162a" 0 KB ,Flags: 64
[2025-05-04 19:03:24]: Added  : ".fingerprint\getrandom-36392adf7874162a\dep-lib-getrandom" 1 KB 
[2025-05-04 19:03:24]: Added  : ".fingerprint\getrandom-36392adf7874162a\invoked.timestamp" 1 KB 
[2025-05-04 19:03:24]: Added  : ".fingerprint\getrandom-36392adf7874162a\lib-getrandom" 1 KB 
[2025-05-04 19:03:24]: Added  : ".fingerprint\getrandom-36392adf7874162a\lib-getrandom.json" 1 KB 
[2025-05-04 19:03:24]: Added  : ".fingerprint\getrandom-60a1309361fadd81" 0 KB ,Flags: 64
[2025-05-04 19:03:24]: Added  : ".fingerprint\getrandom-60a1309361fadd81\run-build-script-build-script-build" 1 KB 
[2025-05-04 19:03:24]: Added  : ".fingerprint\getrandom-60a1309361fadd81\run-build-script-build-script-build.json" 1 KB 
[2025-05-04 19:03:24]: Added  : ".fingerprint\getrandom-707fc07b97a93d33" 0 KB ,Flags: 64
[2025-05-04 19:03:24]: Added  : ".fingerprint\getrandom-707fc07b97a93d33\run-build-script-build-script-build" 1 KB 
[2025-05-04 19:03:24]: Added  : ".fingerprint\getrandom-707fc07b97a93d33\run-build-script-build-script-build.json" 1 KB 
[2025-05-04 19:03:24]: Added  : ".fingerprint\getrandom-cde70292b98c5872" 0 KB ,Flags: 64
[2025-05-04 19:03:24]: Added  : ".fingerprint\getrandom-cde70292b98c5872\dep-lib-getrandom" 1 KB 
[2025-05-04 19:03:24]: Added  : ".fingerprint\getrandom-cde70292b98c5872\invoked.timestamp" 1 KB 
[2025-05-04 19:03:24]: Added  : ".fingerprint\getrandom-cde70292b98c5872\lib-getrandom" 1 KB 
[2025-05-04 19:03:24]: Added  : ".fingerprint\getrandom-cde70292b98c5872\lib-getrandom.json" 1 KB 
[2025-05-04 19:03:24]: Added  : ".fingerprint\getrandom-d75fc7915083fb4d" 0 KB ,Flags: 64
[2025-05-04 19:03:24]: Added  : ".fingerprint\getrandom-d75fc7915083fb4d\build-script-build-script-build" 1 KB 
[2025-05-04 19:03:24]: Added  : ".fingerprint\getrandom-d75fc7915083fb4d\build-script-build-script-build.json" 1 KB 
[2025-05-04 19:03:24]: Added  : ".fingerprint\getrandom-d75fc7915083fb4d\dep-build-script-build-script-build" 1 KB 
[2025-05-04 19:03:24]: Added  : ".fingerprint\getrandom-d75fc7915083fb4d\invoked.timestamp" 1 KB 
[2025-05-04 19:03:24]: Added  : ".fingerprint\glob-f778a6124fed6dc9" 0 KB ,Flags: 64
[2025-05-04 19:03:24]: Added  : ".fingerprint\glob-f778a6124fed6dc9\dep-lib-glob" 1 KB 
[2025-05-04 19:03:24]: Added  : ".fingerprint\glob-f778a6124fed6dc9\invoked.timestamp" 1 KB 
[2025-05-04 19:03:24]: Added  : ".fingerprint\glob-f778a6124fed6dc9\lib-glob" 1 KB 
[2025-05-04 19:03:24]: Added  : ".fingerprint\glob-f778a6124fed6dc9\lib-glob.json" 1 KB 
[2025-05-04 19:03:24]: Added  : ".fingerprint\glob-fa9444998a8b58bd" 0 KB ,Flags: 64
[2025-05-04 19:03:24]: Added  : ".fingerprint\glob-fa9444998a8b58bd\dep-lib-glob" 1 KB 
[2025-05-04 19:03:24]: Added  : ".fingerprint\glob-fa9444998a8b58bd\invoked.timestamp" 1 KB 
[2025-05-04 19:03:24]: Added  : ".fingerprint\glob-fa9444998a8b58bd\lib-glob" 1 KB 
[2025-05-04 19:03:24]: Added  : ".fingerprint\glob-fa9444998a8b58bd\lib-glob.json" 1 KB 
[2025-05-04 19:03:24]: Added  : ".fingerprint\hashbrown-03a0fbc12b6d55a3" 0 KB ,Flags: 64
[2025-05-04 19:03:24]: Added  : ".fingerprint\hashbrown-03a0fbc12b6d55a3\dep-lib-hashbrown" 1 KB 
[2025-05-04 19:03:24]: Added  : ".fingerprint\hashbrown-03a0fbc12b6d55a3\invoked.timestamp" 1 KB 
[2025-05-04 19:03:24]: Added  : ".fingerprint\hashbrown-03a0fbc12b6d55a3\lib-hashbrown" 1 KB 
[2025-05-04 19:03:24]: Added  : ".fingerprint\hashbrown-03a0fbc12b6d55a3\lib-hashbrown.json" 1 KB 
[2025-05-04 19:03:24]: Added  : ".fingerprint\hashbrown-3624a0dee295beba" 0 KB ,Flags: 64
[2025-05-04 19:03:24]: Added  : ".fingerprint\hashbrown-3624a0dee295beba\dep-lib-hashbrown" 1 KB 
[2025-05-04 19:03:24]: Added  : ".fingerprint\hashbrown-3624a0dee295beba\invoked.timestamp" 1 KB 
[2025-05-04 19:03:24]: Added  : ".fingerprint\hashbrown-3624a0dee295beba\lib-hashbrown" 1 KB 
[2025-05-04 19:03:24]: Added  : ".fingerprint\hashbrown-3624a0dee295beba\lib-hashbrown.json" 1 KB 
[2025-05-04 19:03:24]: Added  : ".fingerprint\hashbrown-91a8fbae9334a9ff" 0 KB ,Flags: 64
[2025-05-04 19:03:24]: Added  : ".fingerprint\hashbrown-91a8fbae9334a9ff\dep-lib-hashbrown" 1 KB 
[2025-05-04 19:03:24]: Added  : ".fingerprint\hashbrown-91a8fbae9334a9ff\invoked.timestamp" 1 KB 
[2025-05-04 19:03:24]: Added  : ".fingerprint\hashbrown-91a8fbae9334a9ff\lib-hashbrown" 1 KB 
[2025-05-04 19:03:24]: Added  : ".fingerprint\hashbrown-91a8fbae9334a9ff\lib-hashbrown.json" 1 KB 
[2025-05-04 19:03:24]: Added  : ".fingerprint\hashbrown-db971f45878b5f44" 0 KB ,Flags: 64
[2025-05-04 19:03:24]: Added  : ".fingerprint\hashbrown-db971f45878b5f44\dep-lib-hashbrown" 1 KB 
[2025-05-04 19:03:24]: Added  : ".fingerprint\hashbrown-db971f45878b5f44\invoked.timestamp" 1 KB 
[2025-05-04 19:03:24]: Added  : ".fingerprint\hashbrown-db971f45878b5f44\lib-hashbrown" 1 KB 
[2025-05-04 19:03:24]: Added  : ".fingerprint\hashbrown-db971f45878b5f44\lib-hashbrown.json" 1 KB 
[2025-05-04 19:03:24]: Added  : ".fingerprint\heck-95a8dc05fc55e661" 0 KB ,Flags: 64
[2025-05-04 19:03:24]: Added  : ".fingerprint\heck-95a8dc05fc55e661\dep-lib-heck" 1 KB 
[2025-05-04 19:03:24]: Added  : ".fingerprint\heck-95a8dc05fc55e661\invoked.timestamp" 1 KB 
[2025-05-04 19:03:24]: Added  : ".fingerprint\heck-95a8dc05fc55e661\lib-heck" 1 KB 
[2025-05-04 19:03:24]: Added  : ".fingerprint\heck-95a8dc05fc55e661\lib-heck.json" 1 KB 
[2025-05-04 19:03:24]: Added  : ".fingerprint\heck-a3471cdb7a5d5756" 0 KB ,Flags: 64
[2025-05-04 19:03:24]: Added  : ".fingerprint\heck-a3471cdb7a5d5756\dep-lib-heck" 1 KB 
[2025-05-04 19:03:24]: Added  : ".fingerprint\heck-a3471cdb7a5d5756\invoked.timestamp" 1 KB 
[2025-05-04 19:03:24]: Added  : ".fingerprint\heck-a3471cdb7a5d5756\lib-heck" 1 KB 
[2025-05-04 19:03:24]: Added  : ".fingerprint\heck-a3471cdb7a5d5756\lib-heck.json" 1 KB 
[2025-05-04 19:03:24]: Added  : ".fingerprint\html5ever-27f61cd2543a0d1b" 0 KB ,Flags: 64
[2025-05-04 19:03:24]: Added  : ".fingerprint\html5ever-27f61cd2543a0d1b\dep-lib-html5ever" 1 KB 
[2025-05-04 19:03:24]: Added  : ".fingerprint\html5ever-27f61cd2543a0d1b\invoked.timestamp" 1 KB 
[2025-05-04 19:03:24]: Added  : ".fingerprint\html5ever-27f61cd2543a0d1b\lib-html5ever" 1 KB 
[2025-05-04 19:03:24]: Added  : ".fingerprint\html5ever-27f61cd2543a0d1b\lib-html5ever.json" 1 KB 
[2025-05-04 19:03:24]: Added  : ".fingerprint\html5ever-395bef73191e3b57" 0 KB ,Flags: 64
[2025-05-04 19:03:24]: Added  : ".fingerprint\html5ever-395bef73191e3b57\run-build-script-build-script-build" 1 KB 
[2025-05-04 19:03:24]: Added  : ".fingerprint\html5ever-395bef73191e3b57\run-build-script-build-script-build.json" 1 KB 
[2025-05-04 19:03:24]: Added  : ".fingerprint\html5ever-3bff5405eb9330bd" 0 KB ,Flags: 64
[2025-05-04 19:03:24]: Added  : ".fingerprint\html5ever-3bff5405eb9330bd\run-build-script-build-script-build" 1 KB 
[2025-05-04 19:03:24]: Added  : ".fingerprint\html5ever-3bff5405eb9330bd\run-build-script-build-script-build.json" 1 KB 
[2025-05-04 19:03:24]: Added  : ".fingerprint\html5ever-a6acc591b9cff44b" 0 KB ,Flags: 64
[2025-05-04 19:03:24]: Added  : ".fingerprint\html5ever-a6acc591b9cff44b\build-script-build-script-build" 1 KB 
[2025-05-04 19:03:24]: Added  : ".fingerprint\html5ever-a6acc591b9cff44b\build-script-build-script-build.json" 1 KB 
[2025-05-04 19:03:24]: Added  : ".fingerprint\html5ever-a6acc591b9cff44b\dep-build-script-build-script-build" 1 KB 
[2025-05-04 19:03:24]: Added  : ".fingerprint\html5ever-a6acc591b9cff44b\invoked.timestamp" 1 KB 
[2025-05-04 19:03:24]: Added  : ".fingerprint\html5ever-dbd930790e022c82" 0 KB ,Flags: 64
[2025-05-04 19:03:24]: Added  : ".fingerprint\html5ever-dbd930790e022c82\dep-lib-html5ever" 1 KB 
[2025-05-04 19:03:24]: Added  : ".fingerprint\html5ever-dbd930790e022c82\invoked.timestamp" 1 KB 
[2025-05-04 19:03:24]: Added  : ".fingerprint\html5ever-dbd930790e022c82\lib-html5ever" 1 KB 
[2025-05-04 19:03:24]: Added  : ".fingerprint\html5ever-dbd930790e022c82\lib-html5ever.json" 1 KB 
[2025-05-04 19:03:24]: Added  : ".fingerprint\http-40d6ac8cc868f153" 0 KB ,Flags: 64
[2025-05-04 19:03:24]: Added  : ".fingerprint\http-40d6ac8cc868f153\dep-lib-http" 1 KB 
[2025-05-04 19:03:24]: Added  : ".fingerprint\http-40d6ac8cc868f153\invoked.timestamp" 1 KB 
[2025-05-04 19:03:24]: Added  : ".fingerprint\http-40d6ac8cc868f153\lib-http" 1 KB 
[2025-05-04 19:03:24]: Added  : ".fingerprint\http-40d6ac8cc868f153\lib-http.json" 1 KB 
[2025-05-04 19:03:24]: Added  : ".fingerprint\http-e5b30bb7110d5627" 0 KB ,Flags: 64
[2025-05-04 19:03:24]: Added  : ".fingerprint\http-e5b30bb7110d5627\dep-lib-http" 1 KB 
[2025-05-04 19:03:24]: Added  : ".fingerprint\http-e5b30bb7110d5627\invoked.timestamp" 1 KB 
[2025-05-04 19:03:24]: Added  : ".fingerprint\http-e5b30bb7110d5627\lib-http" 1 KB 
[2025-05-04 19:03:24]: Added  : ".fingerprint\http-e5b30bb7110d5627\lib-http.json" 1 KB 
[2025-05-04 19:03:24]: Added  : ".fingerprint\ico-e655c42a517585ed" 0 KB ,Flags: 64
[2025-05-04 19:03:24]: Added  : ".fingerprint\ico-e655c42a517585ed\dep-lib-ico" 1 KB 
[2025-05-04 19:03:24]: Added  : ".fingerprint\ico-e655c42a517585ed\invoked.timestamp" 1 KB 
[2025-05-04 19:03:24]: Added  : ".fingerprint\ico-e655c42a517585ed\lib-ico" 1 KB 
[2025-05-04 19:03:24]: Added  : ".fingerprint\ico-e655c42a517585ed\lib-ico.json" 1 KB 
[2025-05-04 19:03:24]: Added  : ".fingerprint\icu_collections-98cf5744f9709916" 0 KB ,Flags: 64
[2025-05-04 19:03:24]: Added  : ".fingerprint\icu_collections-98cf5744f9709916\dep-lib-icu_collections" 1 KB 
[2025-05-04 19:03:24]: Added  : ".fingerprint\icu_collections-98cf5744f9709916\invoked.timestamp" 1 KB 
[2025-05-04 19:03:24]: Added  : ".fingerprint\icu_collections-98cf5744f9709916\lib-icu_collections" 1 KB 
[2025-05-04 19:03:24]: Added  : ".fingerprint\icu_collections-98cf5744f9709916\lib-icu_collections.json" 1 KB 
[2025-05-04 19:03:24]: Added  : ".fingerprint\icu_collections-b032fa379343ae36" 0 KB ,Flags: 64
[2025-05-04 19:03:24]: Added  : ".fingerprint\icu_collections-b032fa379343ae36\dep-lib-icu_collections" 1 KB 
[2025-05-04 19:03:24]: Added  : ".fingerprint\icu_collections-b032fa379343ae36\invoked.timestamp" 1 KB 
[2025-05-04 19:03:24]: Added  : ".fingerprint\icu_collections-b032fa379343ae36\lib-icu_collections" 1 KB 
[2025-05-04 19:03:24]: Added  : ".fingerprint\icu_collections-b032fa379343ae36\lib-icu_collections.json" 1 KB 
[2025-05-04 19:03:24]: Added  : ".fingerprint\icu_locid-620d761281312f63" 0 KB ,Flags: 64
[2025-05-04 19:03:24]: Added  : ".fingerprint\icu_locid-620d761281312f63\dep-lib-icu_locid" 1 KB 
[2025-05-04 19:03:24]: Added  : ".fingerprint\icu_locid-620d761281312f63\invoked.timestamp" 1 KB 
[2025-05-04 19:03:24]: Added  : ".fingerprint\icu_locid-620d761281312f63\lib-icu_locid" 1 KB 
[2025-05-04 19:03:24]: Added  : ".fingerprint\icu_locid-620d761281312f63\lib-icu_locid.json" 1 KB 
[2025-05-04 19:03:24]: Added  : ".fingerprint\icu_locid-db0358d3412437c2" 0 KB ,Flags: 64
[2025-05-04 19:03:24]: Added  : ".fingerprint\icu_locid-db0358d3412437c2\dep-lib-icu_locid" 1 KB 
[2025-05-04 19:03:24]: Added  : ".fingerprint\icu_locid-db0358d3412437c2\invoked.timestamp" 1 KB 
[2025-05-04 19:03:24]: Added  : ".fingerprint\icu_locid-db0358d3412437c2\lib-icu_locid" 1 KB 
[2025-05-04 19:03:24]: Added  : ".fingerprint\icu_locid-db0358d3412437c2\lib-icu_locid.json" 1 KB 
[2025-05-04 19:03:24]: Added  : ".fingerprint\icu_locid_transform-9944356d25a7c82a" 0 KB ,Flags: 64
[2025-05-04 19:03:24]: Added  : ".fingerprint\icu_locid_transform-9944356d25a7c82a\dep-lib-icu_locid_transform" 1 KB 
[2025-05-04 19:03:24]: Added  : ".fingerprint\icu_locid_transform-9944356d25a7c82a\invoked.timestamp" 1 KB 
[2025-05-04 19:03:24]: Added  : ".fingerprint\icu_locid_transform-9944356d25a7c82a\lib-icu_locid_transform" 1 KB 
[2025-05-04 19:03:24]: Added  : ".fingerprint\icu_locid_transform-9944356d25a7c82a\lib-icu_locid_transform.json" 1 KB 
[2025-05-04 19:03:24]: Added  : ".fingerprint\icu_locid_transform-dd4d4436377af0d9" 0 KB ,Flags: 64
[2025-05-04 19:03:24]: Added  : ".fingerprint\icu_locid_transform-dd4d4436377af0d9\dep-lib-icu_locid_transform" 1 KB 
[2025-05-04 19:03:24]: Added  : ".fingerprint\icu_locid_transform-dd4d4436377af0d9\invoked.timestamp" 1 KB 
[2025-05-04 19:03:24]: Added  : ".fingerprint\icu_locid_transform-dd4d4436377af0d9\lib-icu_locid_transform" 1 KB 
[2025-05-04 19:03:24]: Added  : ".fingerprint\icu_locid_transform-dd4d4436377af0d9\lib-icu_locid_transform.json" 1 KB 
[2025-05-04 19:03:24]: Added  : ".fingerprint\icu_locid_transform_data-2a7e64952f3a2511" 0 KB ,Flags: 64
[2025-05-04 19:03:24]: Added  : ".fingerprint\icu_locid_transform_data-2a7e64952f3a2511\dep-lib-icu_locid_transform_data" 1 KB 
[2025-05-04 19:03:24]: Added  : ".fingerprint\icu_locid_transform_data-2a7e64952f3a2511\invoked.timestamp" 1 KB 
[2025-05-04 19:03:24]: Added  : ".fingerprint\icu_locid_transform_data-2a7e64952f3a2511\lib-icu_locid_transform_data" 1 KB 
[2025-05-04 19:03:24]: Added  : ".fingerprint\icu_locid_transform_data-2a7e64952f3a2511\lib-icu_locid_transform_data.json" 1 KB 
[2025-05-04 19:03:24]: Added  : ".fingerprint\icu_locid_transform_data-31467e5c14b52693" 0 KB ,Flags: 64
[2025-05-04 19:03:24]: Added  : ".fingerprint\icu_locid_transform_data-31467e5c14b52693\dep-lib-icu_locid_transform_data" 1 KB 
[2025-05-04 19:03:24]: Added  : ".fingerprint\icu_locid_transform_data-31467e5c14b52693\invoked.timestamp" 1 KB 
[2025-05-04 19:03:24]: Added  : ".fingerprint\icu_locid_transform_data-31467e5c14b52693\lib-icu_locid_transform_data" 1 KB 
[2025-05-04 19:03:24]: Added  : ".fingerprint\icu_locid_transform_data-31467e5c14b52693\lib-icu_locid_transform_data.json" 1 KB 
[2025-05-04 19:03:24]: Added  : ".fingerprint\icu_locid_transform_data-6e0ffffd8f4209bf" 0 KB ,Flags: 64
[2025-05-04 19:03:24]: Added  : ".fingerprint\icu_locid_transform_data-6e0ffffd8f4209bf\run-build-script-build-script-build" 1 KB 
[2025-05-04 19:03:24]: Added  : ".fingerprint\icu_locid_transform_data-6e0ffffd8f4209bf\run-build-script-build-script-build.json" 1 KB 
[2025-05-04 19:03:24]: Added  : ".fingerprint\icu_locid_transform_data-71d59a4960ef2b8e" 0 KB ,Flags: 64
[2025-05-04 19:03:24]: Added  : ".fingerprint\icu_locid_transform_data-71d59a4960ef2b8e\run-build-script-build-script-build" 1 KB 
[2025-05-04 19:03:24]: Added  : ".fingerprint\icu_locid_transform_data-71d59a4960ef2b8e\run-build-script-build-script-build.json" 1 KB 
[2025-05-04 19:03:24]: Added  : ".fingerprint\icu_locid_transform_data-8c0bbe690fc6b396" 0 KB ,Flags: 64
[2025-05-04 19:03:24]: Added  : ".fingerprint\icu_locid_transform_data-8c0bbe690fc6b396\build-script-build-script-build" 1 KB 
[2025-05-04 19:03:24]: Added  : ".fingerprint\icu_locid_transform_data-8c0bbe690fc6b396\build-script-build-script-build.json" 1 KB 
[2025-05-04 19:03:24]: Added  : ".fingerprint\icu_locid_transform_data-8c0bbe690fc6b396\dep-build-script-build-script-build" 1 KB 
[2025-05-04 19:03:24]: Added  : ".fingerprint\icu_locid_transform_data-8c0bbe690fc6b396\invoked.timestamp" 1 KB 
[2025-05-04 19:03:24]: Added  : ".fingerprint\icu_normalizer-ab82dcfe4af0327d" 0 KB ,Flags: 64
[2025-05-04 19:03:24]: Added  : ".fingerprint\icu_normalizer-ab82dcfe4af0327d\dep-lib-icu_normalizer" 1 KB 
[2025-05-04 19:03:24]: Added  : ".fingerprint\icu_normalizer-ab82dcfe4af0327d\invoked.timestamp" 1 KB 
[2025-05-04 19:03:24]: Added  : ".fingerprint\icu_normalizer-ab82dcfe4af0327d\lib-icu_normalizer" 1 KB 
[2025-05-04 19:03:24]: Added  : ".fingerprint\icu_normalizer-ab82dcfe4af0327d\lib-icu_normalizer.json" 2 KB 
[2025-05-04 19:03:24]: Added  : ".fingerprint\icu_normalizer-afae3c6ed9ddce13" 0 KB ,Flags: 64
[2025-05-04 19:03:24]: Added  : ".fingerprint\icu_normalizer-afae3c6ed9ddce13\dep-lib-icu_normalizer" 1 KB 
[2025-05-04 19:03:24]: Added  : ".fingerprint\icu_normalizer-afae3c6ed9ddce13\invoked.timestamp" 1 KB 
[2025-05-04 19:03:24]: Added  : ".fingerprint\icu_normalizer-afae3c6ed9ddce13\lib-icu_normalizer" 1 KB 
[2025-05-04 19:03:24]: Added  : ".fingerprint\icu_normalizer-afae3c6ed9ddce13\lib-icu_normalizer.json" 2 KB 
[2025-05-04 19:03:24]: Added  : ".fingerprint\icu_normalizer_data-00a7e2a5228f5f57" 0 KB ,Flags: 64
[2025-05-04 19:03:24]: Added  : ".fingerprint\icu_normalizer_data-00a7e2a5228f5f57\dep-lib-icu_normalizer_data" 1 KB 
[2025-05-04 19:03:24]: Added  : ".fingerprint\icu_normalizer_data-00a7e2a5228f5f57\invoked.timestamp" 1 KB 
[2025-05-04 19:03:24]: Added  : ".fingerprint\icu_normalizer_data-00a7e2a5228f5f57\lib-icu_normalizer_data" 1 KB 
[2025-05-04 19:03:24]: Added  : ".fingerprint\icu_normalizer_data-00a7e2a5228f5f57\lib-icu_normalizer_data.json" 1 KB 
[2025-05-04 19:03:24]: Added  : ".fingerprint\icu_normalizer_data-1601e250cc98fb6e" 0 KB ,Flags: 64
[2025-05-04 19:03:24]: Added  : ".fingerprint\icu_normalizer_data-1601e250cc98fb6e\run-build-script-build-script-build" 1 KB 
[2025-05-04 19:03:24]: Added  : ".fingerprint\icu_normalizer_data-1601e250cc98fb6e\run-build-script-build-script-build.json" 1 KB 
[2025-05-04 19:03:24]: Added  : ".fingerprint\icu_normalizer_data-46919707b8dad3b0" 0 KB ,Flags: 64
[2025-05-04 19:03:24]: Added  : ".fingerprint\icu_normalizer_data-46919707b8dad3b0\run-build-script-build-script-build" 1 KB 
[2025-05-04 19:03:24]: Added  : ".fingerprint\icu_normalizer_data-46919707b8dad3b0\run-build-script-build-script-build.json" 1 KB 
[2025-05-04 19:03:24]: Added  : ".fingerprint\icu_normalizer_data-a953e5c81768cdb3" 0 KB ,Flags: 64
[2025-05-04 19:03:24]: Added  : ".fingerprint\icu_normalizer_data-a953e5c81768cdb3\build-script-build-script-build" 1 KB 
[2025-05-04 19:03:24]: Added  : ".fingerprint\icu_normalizer_data-a953e5c81768cdb3\build-script-build-script-build.json" 1 KB 
[2025-05-04 19:03:24]: Added  : ".fingerprint\icu_normalizer_data-a953e5c81768cdb3\dep-build-script-build-script-build" 1 KB 
[2025-05-04 19:03:24]: Added  : ".fingerprint\icu_normalizer_data-a953e5c81768cdb3\invoked.timestamp" 1 KB 
[2025-05-04 19:03:24]: Added  : ".fingerprint\icu_normalizer_data-df1dcf6bde6afcab" 0 KB ,Flags: 64
[2025-05-04 19:03:24]: Added  : ".fingerprint\icu_normalizer_data-df1dcf6bde6afcab\dep-lib-icu_normalizer_data" 1 KB 
[2025-05-04 19:03:24]: Added  : ".fingerprint\icu_normalizer_data-df1dcf6bde6afcab\invoked.timestamp" 1 KB 
[2025-05-04 19:03:24]: Added  : ".fingerprint\icu_normalizer_data-df1dcf6bde6afcab\lib-icu_normalizer_data" 1 KB 
[2025-05-04 19:03:24]: Added  : ".fingerprint\icu_normalizer_data-df1dcf6bde6afcab\lib-icu_normalizer_data.json" 1 KB 
[2025-05-04 19:03:24]: Added  : ".fingerprint\icu_properties-0ef13e0c2f8ecd31" 0 KB ,Flags: 64
[2025-05-04 19:03:24]: Added  : ".fingerprint\icu_properties-0ef13e0c2f8ecd31\dep-lib-icu_properties" 1 KB 
[2025-05-04 19:03:24]: Added  : ".fingerprint\icu_properties-0ef13e0c2f8ecd31\invoked.timestamp" 1 KB 
[2025-05-04 19:03:24]: Added  : ".fingerprint\icu_properties-0ef13e0c2f8ecd31\lib-icu_properties" 1 KB 
[2025-05-04 19:03:24]: Added  : ".fingerprint\icu_properties-0ef13e0c2f8ecd31\lib-icu_properties.json" 1 KB 
[2025-05-04 19:03:24]: Added  : ".fingerprint\icu_properties-aaeb5591b549558e" 0 KB ,Flags: 64
[2025-05-04 19:03:24]: Added  : ".fingerprint\icu_properties-aaeb5591b549558e\dep-lib-icu_properties" 1 KB 
[2025-05-04 19:03:24]: Added  : ".fingerprint\icu_properties-aaeb5591b549558e\invoked.timestamp" 1 KB 
[2025-05-04 19:03:24]: Added  : ".fingerprint\icu_properties-aaeb5591b549558e\lib-icu_properties" 1 KB 
[2025-05-04 19:03:24]: Added  : ".fingerprint\icu_properties-aaeb5591b549558e\lib-icu_properties.json" 1 KB 
[2025-05-04 19:03:24]: Added  : ".fingerprint\icu_properties_data-7ff429f3591a9360" 0 KB ,Flags: 64
[2025-05-04 19:03:24]: Added  : ".fingerprint\icu_properties_data-7ff429f3591a9360\dep-lib-icu_properties_data" 1 KB 
[2025-05-04 19:03:24]: Added  : ".fingerprint\icu_properties_data-7ff429f3591a9360\invoked.timestamp" 1 KB 
[2025-05-04 19:03:24]: Added  : ".fingerprint\icu_properties_data-7ff429f3591a9360\lib-icu_properties_data" 1 KB 
[2025-05-04 19:03:24]: Added  : ".fingerprint\icu_properties_data-7ff429f3591a9360\lib-icu_properties_data.json" 1 KB 
[2025-05-04 19:03:24]: Added  : ".fingerprint\icu_properties_data-a0f55a24d7a788c6" 0 KB ,Flags: 64
[2025-05-04 19:03:24]: Added  : ".fingerprint\icu_properties_data-a0f55a24d7a788c6\run-build-script-build-script-build" 1 KB 
[2025-05-04 19:03:24]: Added  : ".fingerprint\icu_properties_data-a0f55a24d7a788c6\run-build-script-build-script-build.json" 1 KB 
[2025-05-04 19:03:24]: Added  : ".fingerprint\icu_properties_data-bb6946ef572849b6" 0 KB ,Flags: 64
[2025-05-04 19:03:24]: Added  : ".fingerprint\icu_properties_data-bb6946ef572849b6\dep-lib-icu_properties_data" 1 KB 
[2025-05-04 19:03:24]: Added  : ".fingerprint\icu_properties_data-bb6946ef572849b6\invoked.timestamp" 1 KB 
[2025-05-04 19:03:24]: Added  : ".fingerprint\icu_properties_data-bb6946ef572849b6\lib-icu_properties_data" 1 KB 
[2025-05-04 19:03:24]: Added  : ".fingerprint\icu_properties_data-bb6946ef572849b6\lib-icu_properties_data.json" 1 KB 
[2025-05-04 19:03:24]: Added  : ".fingerprint\icu_properties_data-cba7553c192b3e1f" 0 KB ,Flags: 64
[2025-05-04 19:03:24]: Added  : ".fingerprint\icu_properties_data-cba7553c192b3e1f\build-script-build-script-build" 1 KB 
[2025-05-04 19:03:24]: Added  : ".fingerprint\icu_properties_data-cba7553c192b3e1f\build-script-build-script-build.json" 1 KB 
[2025-05-04 19:03:24]: Added  : ".fingerprint\icu_properties_data-cba7553c192b3e1f\dep-build-script-build-script-build" 1 KB 
[2025-05-04 19:03:24]: Added  : ".fingerprint\icu_properties_data-cba7553c192b3e1f\invoked.timestamp" 1 KB 
[2025-05-04 19:03:24]: Added  : ".fingerprint\icu_properties_data-cbac880631951d8c" 0 KB ,Flags: 64
[2025-05-04 19:03:24]: Added  : ".fingerprint\icu_properties_data-cbac880631951d8c\run-build-script-build-script-build" 1 KB 
[2025-05-04 19:03:24]: Added  : ".fingerprint\icu_properties_data-cbac880631951d8c\run-build-script-build-script-build.json" 1 KB 
[2025-05-04 19:03:24]: Added  : ".fingerprint\icu_provider-252b57efbd390c82" 0 KB ,Flags: 64
[2025-05-04 19:03:24]: Added  : ".fingerprint\icu_provider-252b57efbd390c82\dep-lib-icu_provider" 1 KB 
[2025-05-04 19:03:24]: Added  : ".fingerprint\icu_provider-252b57efbd390c82\invoked.timestamp" 1 KB 
[2025-05-04 19:03:24]: Added  : ".fingerprint\icu_provider-252b57efbd390c82\lib-icu_provider" 1 KB 
[2025-05-04 19:03:24]: Added  : ".fingerprint\icu_provider-252b57efbd390c82\lib-icu_provider.json" 2 KB 
[2025-05-04 19:03:24]: Added  : ".fingerprint\icu_provider-2589858b9bdabe64" 0 KB ,Flags: 64
[2025-05-04 19:03:24]: Added  : ".fingerprint\icu_provider-2589858b9bdabe64\dep-lib-icu_provider" 1 KB 
[2025-05-04 19:03:24]: Added  : ".fingerprint\icu_provider-2589858b9bdabe64\invoked.timestamp" 1 KB 
[2025-05-04 19:03:24]: Added  : ".fingerprint\icu_provider-2589858b9bdabe64\lib-icu_provider" 1 KB 
[2025-05-04 19:03:24]: Added  : ".fingerprint\icu_provider-2589858b9bdabe64\lib-icu_provider.json" 2 KB 
[2025-05-04 19:03:24]: Added  : ".fingerprint\icu_provider_macros-bfea94f6bae1e569" 0 KB ,Flags: 64
[2025-05-04 19:03:24]: Added  : ".fingerprint\icu_provider_macros-bfea94f6bae1e569\dep-lib-icu_provider_macros" 1 KB 
[2025-05-04 19:03:24]: Added  : ".fingerprint\icu_provider_macros-bfea94f6bae1e569\invoked.timestamp" 1 KB 
[2025-05-04 19:03:24]: Added  : ".fingerprint\icu_provider_macros-bfea94f6bae1e569\lib-icu_provider_macros" 1 KB 
[2025-05-04 19:03:24]: Added  : ".fingerprint\icu_provider_macros-bfea94f6bae1e569\lib-icu_provider_macros.json" 1 KB 
[2025-05-04 19:03:24]: Added  : ".fingerprint\ident_case-c7db0d53f1aaaff2" 0 KB ,Flags: 64
[2025-05-04 19:03:24]: Added  : ".fingerprint\ident_case-c7db0d53f1aaaff2\dep-lib-ident_case" 1 KB 
[2025-05-04 19:03:24]: Added  : ".fingerprint\ident_case-c7db0d53f1aaaff2\invoked.timestamp" 1 KB 
[2025-05-04 19:03:24]: Added  : ".fingerprint\ident_case-c7db0d53f1aaaff2\lib-ident_case" 1 KB 
[2025-05-04 19:03:24]: Added  : ".fingerprint\ident_case-c7db0d53f1aaaff2\lib-ident_case.json" 1 KB 
[2025-05-04 19:03:24]: Added  : ".fingerprint\idna-6febc5cf5d3ef6fb" 0 KB ,Flags: 64
[2025-05-04 19:03:24]: Added  : ".fingerprint\idna-6febc5cf5d3ef6fb\dep-lib-idna" 1 KB 
[2025-05-04 19:03:24]: Added  : ".fingerprint\idna-6febc5cf5d3ef6fb\invoked.timestamp" 1 KB 
[2025-05-04 19:03:24]: Added  : ".fingerprint\idna-6febc5cf5d3ef6fb\lib-idna" 1 KB 
[2025-05-04 19:03:24]: Added  : ".fingerprint\idna-6febc5cf5d3ef6fb\lib-idna.json" 1 KB 
[2025-05-04 19:03:24]: Added  : ".fingerprint\idna-c0f46eb004fc58fc" 0 KB ,Flags: 64
[2025-05-04 19:03:24]: Added  : ".fingerprint\idna-c0f46eb004fc58fc\dep-lib-idna" 1 KB 
[2025-05-04 19:03:24]: Added  : ".fingerprint\idna-c0f46eb004fc58fc\invoked.timestamp" 1 KB 
[2025-05-04 19:03:24]: Added  : ".fingerprint\idna-c0f46eb004fc58fc\lib-idna" 1 KB 
[2025-05-04 19:03:24]: Added  : ".fingerprint\idna-c0f46eb004fc58fc\lib-idna.json" 1 KB 
[2025-05-04 19:03:24]: Added  : ".fingerprint\idna_adapter-db854fec62cb7e3c" 0 KB ,Flags: 64
[2025-05-04 19:03:24]: Added  : ".fingerprint\idna_adapter-db854fec62cb7e3c\dep-lib-idna_adapter" 1 KB 
[2025-05-04 19:03:24]: Added  : ".fingerprint\idna_adapter-db854fec62cb7e3c\invoked.timestamp" 1 KB 
[2025-05-04 19:03:24]: Added  : ".fingerprint\idna_adapter-db854fec62cb7e3c\lib-idna_adapter" 1 KB 
[2025-05-04 19:03:24]: Added  : ".fingerprint\idna_adapter-db854fec62cb7e3c\lib-idna_adapter.json" 1 KB 
[2025-05-04 19:03:24]: Added  : ".fingerprint\idna_adapter-facc42c0bfa46480" 0 KB ,Flags: 64
[2025-05-04 19:03:24]: Added  : ".fingerprint\idna_adapter-facc42c0bfa46480\dep-lib-idna_adapter" 1 KB 
[2025-05-04 19:03:24]: Added  : ".fingerprint\idna_adapter-facc42c0bfa46480\invoked.timestamp" 1 KB 
[2025-05-04 19:03:24]: Added  : ".fingerprint\idna_adapter-facc42c0bfa46480\lib-idna_adapter" 1 KB 
[2025-05-04 19:03:24]: Added  : ".fingerprint\idna_adapter-facc42c0bfa46480\lib-idna_adapter.json" 1 KB 
[2025-05-04 19:03:24]: Added  : ".fingerprint\indexmap-080e4987b2322429" 0 KB ,Flags: 64
[2025-05-04 19:03:24]: Added  : ".fingerprint\indexmap-080e4987b2322429\build-script-build-script-build" 1 KB 
[2025-05-04 19:03:24]: Added  : ".fingerprint\indexmap-080e4987b2322429\build-script-build-script-build.json" 1 KB 
[2025-05-04 19:03:24]: Added  : ".fingerprint\indexmap-080e4987b2322429\dep-build-script-build-script-build" 1 KB 
[2025-05-04 19:03:24]: Added  : ".fingerprint\indexmap-080e4987b2322429\invoked.timestamp" 1 KB 
[2025-05-04 19:03:24]: Added  : ".fingerprint\indexmap-0f54f4a83343bdec" 0 KB ,Flags: 64
[2025-05-04 19:03:24]: Added  : ".fingerprint\indexmap-0f54f4a83343bdec\dep-lib-indexmap" 1 KB 
[2025-05-04 19:03:24]: Added  : ".fingerprint\indexmap-0f54f4a83343bdec\invoked.timestamp" 1 KB 
[2025-05-04 19:03:24]: Added  : ".fingerprint\indexmap-0f54f4a83343bdec\lib-indexmap" 1 KB 
[2025-05-04 19:03:24]: Added  : ".fingerprint\indexmap-0f54f4a83343bdec\lib-indexmap.json" 1 KB 
[2025-05-04 19:03:24]: Added  : ".fingerprint\indexmap-1eaeedbf08096ab2" 0 KB ,Flags: 64
[2025-05-04 19:03:24]: Added  : ".fingerprint\indexmap-1eaeedbf08096ab2\run-build-script-build-script-build" 1 KB 
[2025-05-04 19:03:24]: Added  : ".fingerprint\indexmap-1eaeedbf08096ab2\run-build-script-build-script-build.json" 1 KB 
[2025-05-04 19:03:24]: Added  : ".fingerprint\indexmap-7ae4fea37c07093c" 0 KB ,Flags: 64
[2025-05-04 19:03:24]: Added  : ".fingerprint\indexmap-7ae4fea37c07093c\dep-lib-indexmap" 1 KB 
[2025-05-04 19:03:24]: Added  : ".fingerprint\indexmap-7ae4fea37c07093c\invoked.timestamp" 1 KB 
[2025-05-04 19:03:24]: Added  : ".fingerprint\indexmap-7ae4fea37c07093c\lib-indexmap" 1 KB 
[2025-05-04 19:03:24]: Added  : ".fingerprint\indexmap-7ae4fea37c07093c\lib-indexmap.json" 1 KB 
[2025-05-04 19:03:24]: Added  : ".fingerprint\indexmap-88db7b47a46ffdcc" 0 KB ,Flags: 64
[2025-05-04 19:03:24]: Added  : ".fingerprint\indexmap-88db7b47a46ffdcc\dep-lib-indexmap" 1 KB 
[2025-05-04 19:03:24]: Added  : ".fingerprint\indexmap-88db7b47a46ffdcc\invoked.timestamp" 1 KB 
[2025-05-04 19:03:24]: Added  : ".fingerprint\indexmap-88db7b47a46ffdcc\lib-indexmap" 1 KB 
[2025-05-04 19:03:24]: Added  : ".fingerprint\indexmap-88db7b47a46ffdcc\lib-indexmap.json" 1 KB 
[2025-05-04 19:03:24]: Added  : ".fingerprint\indexmap-9a7dd1d91eb24079" 0 KB ,Flags: 64
[2025-05-04 19:03:24]: Added  : ".fingerprint\indexmap-9a7dd1d91eb24079\build-script-build-script-build" 1 KB 
[2025-05-04 19:03:24]: Added  : ".fingerprint\indexmap-9a7dd1d91eb24079\build-script-build-script-build.json" 1 KB 
[2025-05-04 19:03:24]: Added  : ".fingerprint\indexmap-9a7dd1d91eb24079\dep-build-script-build-script-build" 1 KB 
[2025-05-04 19:03:24]: Added  : ".fingerprint\indexmap-9a7dd1d91eb24079\invoked.timestamp" 1 KB 
[2025-05-04 19:03:24]: Added  : ".fingerprint\indexmap-d1f87539b24e58cd" 0 KB ,Flags: 64
[2025-05-04 19:03:24]: Added  : ".fingerprint\indexmap-d1f87539b24e58cd\dep-lib-indexmap" 1 KB 
[2025-05-04 19:03:24]: Added  : ".fingerprint\indexmap-d1f87539b24e58cd\invoked.timestamp" 1 KB 
[2025-05-04 19:03:24]: Added  : ".fingerprint\indexmap-d1f87539b24e58cd\lib-indexmap" 1 KB 
[2025-05-04 19:03:24]: Added  : ".fingerprint\indexmap-d1f87539b24e58cd\lib-indexmap.json" 1 KB 
[2025-05-04 19:03:24]: Added  : ".fingerprint\indexmap-fc8bd87e63a203b5" 0 KB ,Flags: 64
[2025-05-04 19:03:24]: Added  : ".fingerprint\indexmap-fc8bd87e63a203b5\run-build-script-build-script-build" 1 KB 
[2025-05-04 19:03:24]: Added  : ".fingerprint\indexmap-fc8bd87e63a203b5\run-build-script-build-script-build.json" 1 KB 
[2025-05-04 19:03:24]: Added  : ".fingerprint\infer-4ee2373437713db4" 0 KB ,Flags: 64
[2025-05-04 19:03:24]: Added  : ".fingerprint\infer-4ee2373437713db4\dep-lib-infer" 1 KB 
[2025-05-04 19:03:24]: Added  : ".fingerprint\infer-4ee2373437713db4\invoked.timestamp" 1 KB 
[2025-05-04 19:03:24]: Added  : ".fingerprint\infer-4ee2373437713db4\lib-infer" 1 KB 
[2025-05-04 19:03:24]: Added  : ".fingerprint\infer-4ee2373437713db4\lib-infer.json" 1 KB 
[2025-05-04 19:03:24]: Added  : ".fingerprint\infer-9e77b67f7c0b0985" 0 KB ,Flags: 64
[2025-05-04 19:03:24]: Added  : ".fingerprint\infer-9e77b67f7c0b0985\dep-lib-infer" 1 KB 
[2025-05-04 19:03:24]: Added  : ".fingerprint\infer-9e77b67f7c0b0985\invoked.timestamp" 1 KB 
[2025-05-04 19:03:24]: Added  : ".fingerprint\infer-9e77b67f7c0b0985\lib-infer" 1 KB 
[2025-05-04 19:03:24]: Added  : ".fingerprint\infer-9e77b67f7c0b0985\lib-infer.json" 1 KB 
[2025-05-04 19:03:24]: Added  : ".fingerprint\itoa-33edb46edd515191" 0 KB ,Flags: 64
[2025-05-04 19:03:24]: Added  : ".fingerprint\itoa-33edb46edd515191\dep-lib-itoa" 1 KB 
[2025-05-04 19:03:24]: Added  : ".fingerprint\itoa-33edb46edd515191\invoked.timestamp" 1 KB 
[2025-05-04 19:03:24]: Added  : ".fingerprint\itoa-33edb46edd515191\lib-itoa" 1 KB 
[2025-05-04 19:03:24]: Added  : ".fingerprint\itoa-33edb46edd515191\lib-itoa.json" 1 KB 
[2025-05-04 19:03:24]: Added  : ".fingerprint\itoa-59f187640dff23cd" 0 KB ,Flags: 64
[2025-05-04 19:03:24]: Added  : ".fingerprint\itoa-59f187640dff23cd\dep-lib-itoa" 1 KB 
[2025-05-04 19:03:24]: Added  : ".fingerprint\itoa-59f187640dff23cd\invoked.timestamp" 1 KB 
[2025-05-04 19:03:24]: Added  : ".fingerprint\itoa-59f187640dff23cd\lib-itoa" 1 KB 
[2025-05-04 19:03:24]: Added  : ".fingerprint\itoa-59f187640dff23cd\lib-itoa.json" 1 KB 
[2025-05-04 19:03:24]: Added  : ".fingerprint\itoa-7d912fda4ab773b3" 0 KB ,Flags: 64
[2025-05-04 19:03:24]: Added  : ".fingerprint\itoa-7d912fda4ab773b3\dep-lib-itoa" 1 KB 
[2025-05-04 19:03:24]: Added  : ".fingerprint\itoa-7d912fda4ab773b3\invoked.timestamp" 1 KB 
[2025-05-04 19:03:24]: Added  : ".fingerprint\itoa-7d912fda4ab773b3\lib-itoa" 1 KB 
[2025-05-04 19:03:24]: Added  : ".fingerprint\itoa-7d912fda4ab773b3\lib-itoa.json" 1 KB 
[2025-05-04 19:03:24]: Added  : ".fingerprint\itoa-e4d91835af4a29fb" 0 KB ,Flags: 64
[2025-05-04 19:03:24]: Added  : ".fingerprint\itoa-e4d91835af4a29fb\dep-lib-itoa" 1 KB 
[2025-05-04 19:03:24]: Added  : ".fingerprint\itoa-e4d91835af4a29fb\invoked.timestamp" 1 KB 
[2025-05-04 19:03:24]: Added  : ".fingerprint\itoa-e4d91835af4a29fb\lib-itoa" 1 KB 
[2025-05-04 19:03:24]: Added  : ".fingerprint\itoa-e4d91835af4a29fb\lib-itoa.json" 1 KB 
[2025-05-04 19:03:24]: Added  : ".fingerprint\json-patch-1b6745b518f82935" 0 KB ,Flags: 64
[2025-05-04 19:03:24]: Added  : ".fingerprint\json-patch-1b6745b518f82935\dep-lib-json_patch" 1 KB 
[2025-05-04 19:03:24]: Added  : ".fingerprint\json-patch-1b6745b518f82935\invoked.timestamp" 1 KB 
[2025-05-04 19:03:24]: Added  : ".fingerprint\json-patch-1b6745b518f82935\lib-json_patch" 1 KB 
[2025-05-04 19:03:24]: Added  : ".fingerprint\json-patch-1b6745b518f82935\lib-json_patch.json" 1 KB 
[2025-05-04 19:03:24]: Added  : ".fingerprint\json-patch-6cc67de795b7634b" 0 KB ,Flags: 64
[2025-05-04 19:03:24]: Added  : ".fingerprint\json-patch-6cc67de795b7634b\dep-lib-json_patch" 1 KB 
[2025-05-04 19:03:24]: Added  : ".fingerprint\json-patch-6cc67de795b7634b\invoked.timestamp" 1 KB 
[2025-05-04 19:03:24]: Added  : ".fingerprint\json-patch-6cc67de795b7634b\lib-json_patch" 1 KB 
[2025-05-04 19:03:24]: Added  : ".fingerprint\json-patch-6cc67de795b7634b\lib-json_patch.json" 1 KB 
[2025-05-04 19:03:24]: Added  : ".fingerprint\jsonptr-6f3b331395b20f34" 0 KB ,Flags: 64
[2025-05-04 19:03:24]: Added  : ".fingerprint\jsonptr-6f3b331395b20f34\dep-lib-jsonptr" 1 KB 
[2025-05-04 19:03:24]: Added  : ".fingerprint\jsonptr-6f3b331395b20f34\invoked.timestamp" 1 KB 
[2025-05-04 19:03:24]: Added  : ".fingerprint\jsonptr-6f3b331395b20f34\lib-jsonptr" 1 KB 
[2025-05-04 19:03:24]: Added  : ".fingerprint\jsonptr-6f3b331395b20f34\lib-jsonptr.json" 1 KB 
[2025-05-04 19:03:24]: Added  : ".fingerprint\jsonptr-70e6faaf05207f14" 0 KB ,Flags: 64
[2025-05-04 19:03:24]: Added  : ".fingerprint\jsonptr-70e6faaf05207f14\dep-lib-jsonptr" 1 KB 
[2025-05-04 19:03:24]: Added  : ".fingerprint\jsonptr-70e6faaf05207f14\invoked.timestamp" 1 KB 
[2025-05-04 19:03:24]: Added  : ".fingerprint\jsonptr-70e6faaf05207f14\lib-jsonptr" 1 KB 
[2025-05-04 19:03:24]: Added  : ".fingerprint\jsonptr-70e6faaf05207f14\lib-jsonptr.json" 1 KB 
[2025-05-04 19:03:24]: Added  : ".fingerprint\keyboard-types-03698183aefd92c7" 0 KB ,Flags: 64
[2025-05-04 19:03:24]: Added  : ".fingerprint\keyboard-types-03698183aefd92c7\dep-lib-keyboard_types" 1 KB 
[2025-05-04 19:03:24]: Added  : ".fingerprint\keyboard-types-03698183aefd92c7\invoked.timestamp" 1 KB 
[2025-05-04 19:03:24]: Added  : ".fingerprint\keyboard-types-03698183aefd92c7\lib-keyboard_types" 1 KB 
[2025-05-04 19:03:24]: Added  : ".fingerprint\keyboard-types-03698183aefd92c7\lib-keyboard_types.json" 1 KB 
[2025-05-04 19:03:24]: Added  : ".fingerprint\kuchikiki-7e03324ed485b0e6" 0 KB ,Flags: 64
[2025-05-04 19:03:24]: Added  : ".fingerprint\kuchikiki-7e03324ed485b0e6\dep-lib-kuchikiki" 1 KB 
[2025-05-04 19:03:24]: Added  : ".fingerprint\kuchikiki-7e03324ed485b0e6\invoked.timestamp" 1 KB 
[2025-05-04 19:03:24]: Added  : ".fingerprint\kuchikiki-7e03324ed485b0e6\lib-kuchikiki" 1 KB 
[2025-05-04 19:03:24]: Added  : ".fingerprint\kuchikiki-7e03324ed485b0e6\lib-kuchikiki.json" 1 KB 
[2025-05-04 19:03:24]: Added  : ".fingerprint\kuchikiki-e945debc1bb7aa34" 0 KB ,Flags: 64
[2025-05-04 19:03:24]: Added  : ".fingerprint\kuchikiki-e945debc1bb7aa34\dep-lib-kuchikiki" 1 KB 
[2025-05-04 19:03:24]: Added  : ".fingerprint\kuchikiki-e945debc1bb7aa34\invoked.timestamp" 1 KB 
[2025-05-04 19:03:24]: Added  : ".fingerprint\kuchikiki-e945debc1bb7aa34\lib-kuchikiki" 1 KB 
[2025-05-04 19:03:24]: Added  : ".fingerprint\kuchikiki-e945debc1bb7aa34\lib-kuchikiki.json" 1 KB 
[2025-05-04 19:03:24]: Added  : ".fingerprint\lazy_static-e0b4d6abf4e93864" 0 KB ,Flags: 64
[2025-05-04 19:03:24]: Added  : ".fingerprint\lazy_static-e0b4d6abf4e93864\dep-lib-lazy_static" 1 KB 
[2025-05-04 19:03:24]: Added  : ".fingerprint\lazy_static-e0b4d6abf4e93864\invoked.timestamp" 1 KB 
[2025-05-04 19:03:24]: Added  : ".fingerprint\lazy_static-e0b4d6abf4e93864\lib-lazy_static" 1 KB 
[2025-05-04 19:03:24]: Added  : ".fingerprint\lazy_static-e0b4d6abf4e93864\lib-lazy_static.json" 1 KB 
[2025-05-04 19:03:24]: Added  : ".fingerprint\libc-0be40629d22978dc" 0 KB ,Flags: 64
[2025-05-04 19:03:24]: Added  : ".fingerprint\libc-0be40629d22978dc\build-script-build-script-build" 1 KB 
[2025-05-04 19:03:24]: Added  : ".fingerprint\libc-0be40629d22978dc\build-script-build-script-build.json" 1 KB 
[2025-05-04 19:03:24]: Added  : ".fingerprint\libc-0be40629d22978dc\dep-build-script-build-script-build" 1 KB 
[2025-05-04 19:03:24]: Added  : ".fingerprint\libc-0be40629d22978dc\invoked.timestamp" 1 KB 
[2025-05-04 19:03:24]: Added  : ".fingerprint\libc-6f9c779210d4d3e5" 0 KB ,Flags: 64
[2025-05-04 19:03:24]: Added  : ".fingerprint\libc-6f9c779210d4d3e5\run-build-script-build-script-build" 1 KB 
[2025-05-04 19:03:24]: Added  : ".fingerprint\libc-6f9c779210d4d3e5\run-build-script-build-script-build.json" 1 KB 
[2025-05-04 19:03:24]: Added  : ".fingerprint\libc-8ceb843150c08de2" 0 KB ,Flags: 64
[2025-05-04 19:03:24]: Added  : ".fingerprint\libc-8ceb843150c08de2\dep-lib-libc" 1 KB 
[2025-05-04 19:03:24]: Added  : ".fingerprint\libc-8ceb843150c08de2\invoked.timestamp" 1 KB 
[2025-05-04 19:03:24]: Added  : ".fingerprint\libc-8ceb843150c08de2\lib-libc" 1 KB 
[2025-05-04 19:03:24]: Added  : ".fingerprint\libc-8ceb843150c08de2\lib-libc.json" 1 KB 
[2025-05-04 19:03:24]: Added  : ".fingerprint\libc-b212709b311a1676" 0 KB ,Flags: 64
[2025-05-04 19:03:24]: Added  : ".fingerprint\libc-b212709b311a1676\run-build-script-build-script-build" 1 KB 
[2025-05-04 19:03:24]: Added  : ".fingerprint\libc-b212709b311a1676\run-build-script-build-script-build.json" 1 KB 
[2025-05-04 19:03:24]: Added  : ".fingerprint\libc-da948de5f03d0c78" 0 KB ,Flags: 64
[2025-05-04 19:03:24]: Added  : ".fingerprint\libc-da948de5f03d0c78\dep-lib-libc" 1 KB 
[2025-05-04 19:03:24]: Added  : ".fingerprint\libc-da948de5f03d0c78\invoked.timestamp" 1 KB 
[2025-05-04 19:03:24]: Added  : ".fingerprint\libc-da948de5f03d0c78\lib-libc" 1 KB 
[2025-05-04 19:03:24]: Added  : ".fingerprint\libc-da948de5f03d0c78\lib-libc.json" 1 KB 
[2025-05-04 19:03:24]: Added  : ".fingerprint\litemap-2679d9b6753e3070" 0 KB ,Flags: 64
[2025-05-04 19:03:24]: Added  : ".fingerprint\litemap-2679d9b6753e3070\dep-lib-litemap" 1 KB 
[2025-05-04 19:03:24]: Added  : ".fingerprint\litemap-2679d9b6753e3070\invoked.timestamp" 1 KB 
[2025-05-04 19:03:24]: Added  : ".fingerprint\litemap-2679d9b6753e3070\lib-litemap" 1 KB 
[2025-05-04 19:03:24]: Added  : ".fingerprint\litemap-2679d9b6753e3070\lib-litemap.json" 1 KB 
[2025-05-04 19:03:24]: Added  : ".fingerprint\litemap-684e0f23c22119fb" 0 KB ,Flags: 64
[2025-05-04 19:03:24]: Added  : ".fingerprint\litemap-684e0f23c22119fb\dep-lib-litemap" 1 KB 
[2025-05-04 19:03:24]: Added  : ".fingerprint\litemap-684e0f23c22119fb\invoked.timestamp" 1 KB 
[2025-05-04 19:03:24]: Added  : ".fingerprint\litemap-684e0f23c22119fb\lib-litemap" 1 KB 
[2025-05-04 19:03:24]: Added  : ".fingerprint\litemap-684e0f23c22119fb\lib-litemap.json" 1 KB 
[2025-05-04 19:03:24]: Added  : ".fingerprint\lock_api-33e7e407652650ac" 0 KB ,Flags: 64
[2025-05-04 19:03:24]: Added  : ".fingerprint\lock_api-33e7e407652650ac\run-build-script-build-script-build" 1 KB 
[2025-05-04 19:03:24]: Added  : ".fingerprint\lock_api-33e7e407652650ac\run-build-script-build-script-build.json" 1 KB 
[2025-05-04 19:03:24]: Added  : ".fingerprint\lock_api-616b1b1577155123" 0 KB ,Flags: 64
[2025-05-04 19:03:24]: Added  : ".fingerprint\lock_api-616b1b1577155123\dep-lib-lock_api" 1 KB 
[2025-05-04 19:03:24]: Added  : ".fingerprint\lock_api-616b1b1577155123\invoked.timestamp" 1 KB 
[2025-05-04 19:03:24]: Added  : ".fingerprint\lock_api-616b1b1577155123\lib-lock_api" 1 KB 
[2025-05-04 19:03:24]: Added  : ".fingerprint\lock_api-616b1b1577155123\lib-lock_api.json" 1 KB 
[2025-05-04 19:03:24]: Added  : ".fingerprint\lock_api-7cdeb417171e2882" 0 KB ,Flags: 64
[2025-05-04 19:03:24]: Added  : ".fingerprint\lock_api-7cdeb417171e2882\run-build-script-build-script-build" 1 KB 
[2025-05-04 19:03:24]: Added  : ".fingerprint\lock_api-7cdeb417171e2882\run-build-script-build-script-build.json" 1 KB 
[2025-05-04 19:03:24]: Added  : ".fingerprint\lock_api-a3197fc02168c069" 0 KB ,Flags: 64
[2025-05-04 19:03:24]: Added  : ".fingerprint\lock_api-a3197fc02168c069\build-script-build-script-build" 1 KB 
[2025-05-04 19:03:24]: Added  : ".fingerprint\lock_api-a3197fc02168c069\build-script-build-script-build.json" 1 KB 
[2025-05-04 19:03:24]: Added  : ".fingerprint\lock_api-a3197fc02168c069\dep-build-script-build-script-build" 1 KB 
[2025-05-04 19:03:24]: Added  : ".fingerprint\lock_api-a3197fc02168c069\invoked.timestamp" 1 KB 
[2025-05-04 19:03:24]: Added  : ".fingerprint\lock_api-ef9bf9e78c5e8846" 0 KB ,Flags: 64
[2025-05-04 19:03:24]: Added  : ".fingerprint\lock_api-ef9bf9e78c5e8846\dep-lib-lock_api" 1 KB 
[2025-05-04 19:03:24]: Added  : ".fingerprint\lock_api-ef9bf9e78c5e8846\invoked.timestamp" 1 KB 
[2025-05-04 19:03:24]: Added  : ".fingerprint\lock_api-ef9bf9e78c5e8846\lib-lock_api" 1 KB 
[2025-05-04 19:03:24]: Added  : ".fingerprint\lock_api-ef9bf9e78c5e8846\lib-lock_api.json" 1 KB 
[2025-05-04 19:03:24]: Added  : ".fingerprint\log-62b45b0a4eb9eaeb" 0 KB ,Flags: 64
[2025-05-04 19:03:24]: Added  : ".fingerprint\log-62b45b0a4eb9eaeb\dep-lib-log" 1 KB 
[2025-05-04 19:03:24]: Added  : ".fingerprint\log-62b45b0a4eb9eaeb\invoked.timestamp" 1 KB 
[2025-05-04 19:03:24]: Added  : ".fingerprint\log-62b45b0a4eb9eaeb\lib-log" 1 KB 
[2025-05-04 19:03:24]: Added  : ".fingerprint\log-62b45b0a4eb9eaeb\lib-log.json" 1 KB 
[2025-05-04 19:03:24]: Added  : ".fingerprint\log-ea25616cf65ad625" 0 KB ,Flags: 64
[2025-05-04 19:03:24]: Added  : ".fingerprint\log-ea25616cf65ad625\dep-lib-log" 1 KB 
[2025-05-04 19:03:24]: Added  : ".fingerprint\log-ea25616cf65ad625\invoked.timestamp" 1 KB 
[2025-05-04 19:03:24]: Added  : ".fingerprint\log-ea25616cf65ad625\lib-log" 1 KB 
[2025-05-04 19:03:24]: Added  : ".fingerprint\log-ea25616cf65ad625\lib-log.json" 1 KB 
[2025-05-04 19:03:24]: Added  : ".fingerprint\mac-58fececdd3cabb5c" 0 KB ,Flags: 64
[2025-05-04 19:03:24]: Added  : ".fingerprint\mac-58fececdd3cabb5c\dep-lib-mac" 1 KB 
[2025-05-04 19:03:24]: Added  : ".fingerprint\mac-58fececdd3cabb5c\invoked.timestamp" 1 KB 
[2025-05-04 19:03:24]: Added  : ".fingerprint\mac-58fececdd3cabb5c\lib-mac" 1 KB 
[2025-05-04 19:03:24]: Added  : ".fingerprint\mac-58fececdd3cabb5c\lib-mac.json" 1 KB 
[2025-05-04 19:03:24]: Added  : ".fingerprint\mac-65194ef779406012" 0 KB ,Flags: 64
[2025-05-04 19:03:24]: Added  : ".fingerprint\mac-65194ef779406012\dep-lib-mac" 1 KB 
[2025-05-04 19:03:24]: Added  : ".fingerprint\mac-65194ef779406012\invoked.timestamp" 1 KB 
[2025-05-04 19:03:24]: Added  : ".fingerprint\mac-65194ef779406012\lib-mac" 1 KB 
[2025-05-04 19:03:24]: Added  : ".fingerprint\mac-65194ef779406012\lib-mac.json" 1 KB 
[2025-05-04 19:03:24]: Added  : ".fingerprint\markup5ever-138e0a0027b5541c" 0 KB ,Flags: 64
[2025-05-04 19:03:24]: Added  : ".fingerprint\markup5ever-138e0a0027b5541c\dep-lib-markup5ever" 1 KB 
[2025-05-04 19:03:24]: Added  : ".fingerprint\markup5ever-138e0a0027b5541c\invoked.timestamp" 1 KB 
[2025-05-04 19:03:24]: Added  : ".fingerprint\markup5ever-138e0a0027b5541c\lib-markup5ever" 1 KB 
[2025-05-04 19:03:24]: Added  : ".fingerprint\markup5ever-138e0a0027b5541c\lib-markup5ever.json" 1 KB 
[2025-05-04 19:03:24]: Added  : ".fingerprint\markup5ever-543271e3a238d8b6" 0 KB ,Flags: 64
[2025-05-04 19:03:24]: Added  : ".fingerprint\markup5ever-543271e3a238d8b6\build-script-build-script-build" 1 KB 
[2025-05-04 19:03:24]: Added  : ".fingerprint\markup5ever-543271e3a238d8b6\build-script-build-script-build.json" 1 KB 
[2025-05-04 19:03:24]: Added  : ".fingerprint\markup5ever-543271e3a238d8b6\dep-build-script-build-script-build" 1 KB 
[2025-05-04 19:03:24]: Added  : ".fingerprint\markup5ever-543271e3a238d8b6\invoked.timestamp" 1 KB 
[2025-05-04 19:03:24]: Added  : ".fingerprint\markup5ever-85f6e616d8a5cd09" 0 KB ,Flags: 64
[2025-05-04 19:03:24]: Added  : ".fingerprint\markup5ever-85f6e616d8a5cd09\run-build-script-build-script-build" 1 KB 
[2025-05-04 19:03:24]: Added  : ".fingerprint\markup5ever-85f6e616d8a5cd09\run-build-script-build-script-build.json" 1 KB 
[2025-05-04 19:03:24]: Added  : ".fingerprint\markup5ever-8fd8d56e4c1c8995" 0 KB ,Flags: 64
[2025-05-04 19:03:24]: Added  : ".fingerprint\markup5ever-8fd8d56e4c1c8995\run-build-script-build-script-build" 1 KB 
[2025-05-04 19:03:24]: Added  : ".fingerprint\markup5ever-8fd8d56e4c1c8995\run-build-script-build-script-build.json" 1 KB 
[2025-05-04 19:03:24]: Added  : ".fingerprint\markup5ever-d0398c464069896f" 0 KB ,Flags: 64
[2025-05-04 19:03:24]: Added  : ".fingerprint\markup5ever-d0398c464069896f\dep-lib-markup5ever" 1 KB 
[2025-05-04 19:03:24]: Added  : ".fingerprint\markup5ever-d0398c464069896f\invoked.timestamp" 1 KB 
[2025-05-04 19:03:24]: Added  : ".fingerprint\markup5ever-d0398c464069896f\lib-markup5ever" 1 KB 
[2025-05-04 19:03:24]: Added  : ".fingerprint\markup5ever-d0398c464069896f\lib-markup5ever.json" 1 KB 
[2025-05-04 19:03:24]: Added  : ".fingerprint\matches-163709b34d9e3a4a" 0 KB ,Flags: 64
[2025-05-04 19:03:24]: Added  : ".fingerprint\matches-163709b34d9e3a4a\dep-lib-matches" 1 KB 
[2025-05-04 19:03:24]: Added  : ".fingerprint\matches-163709b34d9e3a4a\invoked.timestamp" 1 KB 
[2025-05-04 19:03:24]: Added  : ".fingerprint\matches-163709b34d9e3a4a\lib-matches" 1 KB 
[2025-05-04 19:03:24]: Added  : ".fingerprint\matches-163709b34d9e3a4a\lib-matches.json" 1 KB 
[2025-05-04 19:03:24]: Added  : ".fingerprint\matches-b4f91607fb60e52f" 0 KB ,Flags: 64
[2025-05-04 19:03:24]: Added  : ".fingerprint\matches-b4f91607fb60e52f\dep-lib-matches" 1 KB 
[2025-05-04 19:03:24]: Added  : ".fingerprint\matches-b4f91607fb60e52f\invoked.timestamp" 1 KB 
[2025-05-04 19:03:24]: Added  : ".fingerprint\matches-b4f91607fb60e52f\lib-matches" 1 KB 
[2025-05-04 19:03:24]: Added  : ".fingerprint\matches-b4f91607fb60e52f\lib-matches.json" 1 KB 
[2025-05-04 19:03:24]: Added  : ".fingerprint\memchr-82e8929b8d7c3d83" 0 KB ,Flags: 64
[2025-05-04 19:03:24]: Added  : ".fingerprint\memchr-82e8929b8d7c3d83\dep-lib-memchr" 1 KB 
[2025-05-04 19:03:24]: Added  : ".fingerprint\memchr-82e8929b8d7c3d83\invoked.timestamp" 1 KB 
[2025-05-04 19:03:24]: Added  : ".fingerprint\memchr-82e8929b8d7c3d83\lib-memchr" 1 KB 
[2025-05-04 19:03:24]: Added  : ".fingerprint\memchr-82e8929b8d7c3d83\lib-memchr.json" 1 KB 
[2025-05-04 19:03:24]: Added  : ".fingerprint\memchr-d02ce500e9c7f0ae" 0 KB ,Flags: 64
[2025-05-04 19:03:24]: Added  : ".fingerprint\memchr-d02ce500e9c7f0ae\dep-lib-memchr" 1 KB 
[2025-05-04 19:03:24]: Added  : ".fingerprint\memchr-d02ce500e9c7f0ae\invoked.timestamp" 1 KB 
[2025-05-04 19:03:24]: Added  : ".fingerprint\memchr-d02ce500e9c7f0ae\lib-memchr" 1 KB 
[2025-05-04 19:03:24]: Added  : ".fingerprint\memchr-d02ce500e9c7f0ae\lib-memchr.json" 1 KB 
[2025-05-04 19:03:24]: Added  : ".fingerprint\mime-84e1d3f6b095ab77" 0 KB ,Flags: 64
[2025-05-04 19:03:24]: Added  : ".fingerprint\mime-84e1d3f6b095ab77\dep-lib-mime" 1 KB 
[2025-05-04 19:03:24]: Added  : ".fingerprint\mime-84e1d3f6b095ab77\invoked.timestamp" 1 KB 
[2025-05-04 19:03:24]: Added  : ".fingerprint\mime-84e1d3f6b095ab77\lib-mime" 1 KB 
[2025-05-04 19:03:24]: Added  : ".fingerprint\mime-84e1d3f6b095ab77\lib-mime.json" 1 KB 
[2025-05-04 19:03:24]: Added  : ".fingerprint\miniz_oxide-bf1dfebebc44b002" 0 KB ,Flags: 64
[2025-05-04 19:03:24]: Added  : ".fingerprint\miniz_oxide-bf1dfebebc44b002\dep-lib-miniz_oxide" 1 KB 
[2025-05-04 19:03:24]: Added  : ".fingerprint\miniz_oxide-bf1dfebebc44b002\invoked.timestamp" 1 KB 
[2025-05-04 19:03:24]: Added  : ".fingerprint\miniz_oxide-bf1dfebebc44b002\lib-miniz_oxide" 1 KB 
[2025-05-04 19:03:24]: Added  : ".fingerprint\miniz_oxide-bf1dfebebc44b002\lib-miniz_oxide.json" 1 KB 
[2025-05-04 19:03:24]: Added  : ".fingerprint\muda-fc785127e1a05c17" 0 KB ,Flags: 64
[2025-05-04 19:03:24]: Added  : ".fingerprint\muda-fc785127e1a05c17\dep-lib-muda" 1 KB 
[2025-05-04 19:03:24]: Added  : ".fingerprint\muda-fc785127e1a05c17\invoked.timestamp" 1 KB 
[2025-05-04 19:03:24]: Added  : ".fingerprint\muda-fc785127e1a05c17\lib-muda" 1 KB 
[2025-05-04 19:03:24]: ... not all added files listed above (1000/4588)
[2025-05-04 19:03:24]: Summary: 4588 files added (1.59 GB), 0 files changed (0 bytes), 0 files removed (0 bytes)
[2025-05-04 19:03:24]: Uploading new manifest to 208.78.164.214:80 (handle 2254790146484210075, 691970 bytes).
[2025-05-04 19:03:25]: Uploading 243 out of 243 missing chunks.
[2025-05-04 19:03:42]: Success! New manifestID 3122050431665931633 created and 243 new chunks uploaded.
